Flow report for lab6
Tue Oct 09 19:09:42 2018
Quartus Prime Version 18.0.0 Build 614 04/24/2018 SJ Lite Edition


---------------------
; Table of Contents ;
---------------------
  1. Legal Notice
  2. Flow Summary
  3. Flow Settings
  4. Flow Non-Default Global Settings
  5. Flow Elapsed Time
  6. Flow OS Summary
  7. Flow Log
  8. Flow Messages
  9. Flow Suppressed Messages



----------------
; Legal Notice ;
----------------
Copyright (C) 2018  Intel Corporation. All rights reserved.
Your use of Intel Corporation's design tools, logic functions 
and other software and tools, and its AMPP partner logic 
functions, and any output files from any of the foregoing 
(including device programming or simulation files), and any 
associated documentation or information are expressly subject 
to the terms and conditions of the Intel Program License 
Subscription Agreement, the Intel Quartus Prime License Agreement,
the Intel FPGA IP License Agreement, or other applicable license
agreement, including, without limitation, that your use is for
the sole purpose of programming logic devices manufactured by
Intel and sold by Intel or its authorized distributors.  Please
refer to the applicable agreement for further details.



+----------------------------------------------------------------------------------+
; Flow Summary                                                                     ;
+------------------------------------+---------------------------------------------+
; Flow Status                        ; Successful - Tue Oct 09 19:09:42 2018       ;
; Quartus Prime Version              ; 18.0.0 Build 614 04/24/2018 SJ Lite Edition ;
; Revision Name                      ; lab6                                        ;
; Top-level Entity Name              ; lab6_toplevel                               ;
; Family                             ; Cyclone IV E                                ;
; Device                             ; EP4CE115F29C7                               ;
; Timing Models                      ; Final                                       ;
; Total logic elements               ; 155 / 114,480 ( < 1 % )                     ;
;     Total combinational functions  ; 121 / 114,480 ( < 1 % )                     ;
;     Dedicated logic registers      ; 106 / 114,480 ( < 1 % )                     ;
; Total registers                    ; 106                                         ;
; Total pins                         ; 193 / 529 ( 36 % )                          ;
; Total virtual pins                 ; 0                                           ;
; Total memory bits                  ; 0 / 3,981,312 ( 0 % )                       ;
; Embedded Multiplier 9-bit elements ; 0 / 532 ( 0 % )                             ;
; Total PLLs                         ; 0 / 4 ( 0 % )                               ;
+------------------------------------+---------------------------------------------+


+-----------------------------------------+
; Flow Settings                           ;
+-------------------+---------------------+
; Option            ; Setting             ;
+-------------------+---------------------+
; Start date & time ; 10/09/2018 19:08:45 ;
; Main task         ; Compilation         ;
; Revision Name     ; lab6                ;
+-------------------+---------------------+


+--------------------------------------------------------------------------------------------------------------------------------+
; Flow Non-Default Global Settings                                                                                               ;
+--------------------------------------+----------------------------------------+---------------+---------------+----------------+
; Assignment Name                      ; Value                                  ; Default Value ; Entity Name   ; Section Id     ;
+--------------------------------------+----------------------------------------+---------------+---------------+----------------+
; COMPILER_SIGNATURE_ID                ; 71094330539540.153913012508276         ; --            ; --            ; --             ;
; EDA_DESIGN_INSTANCE_NAME             ; NA                                     ; --            ; --            ; test_bench     ;
; EDA_NATIVELINK_SIMULATION_TEST_BENCH ; test_bench                             ; --            ; --            ; eda_simulation ;
; EDA_OUTPUT_DATA_FORMAT               ; Systemverilog Hdl                      ; --            ; --            ; eda_simulation ;
; EDA_SIMULATION_TOOL                  ; ModelSim-Altera (SystemVerilog)        ; <None>        ; --            ; --             ;
; EDA_TEST_BENCH_ENABLE_STATUS         ; TEST_BENCH_MODE                        ; --            ; --            ; eda_simulation ;
; EDA_TEST_BENCH_FILE                  ; test_bench.sv                          ; --            ; --            ; test_bench     ;
; EDA_TEST_BENCH_MODULE_NAME           ; test_bench                             ; --            ; --            ; test_bench     ;
; EDA_TEST_BENCH_NAME                  ; test_bench                             ; --            ; --            ; eda_simulation ;
; EDA_TEST_BENCH_RUN_SIM_FOR           ; 400 ns                                 ; --            ; --            ; test_bench     ;
; EDA_TIME_SCALE                       ; 1 ps                                   ; --            ; --            ; eda_simulation ;
; MAX_CORE_JUNCTION_TEMP               ; 85                                     ; --            ; --            ; --             ;
; MIN_CORE_JUNCTION_TEMP               ; 0                                      ; --            ; --            ; --             ;
; PARTITION_COLOR                      ; -- (Not supported for targeted family) ; --            ; lab6_toplevel ; Top            ;
; PARTITION_FITTER_PRESERVATION_LEVEL  ; -- (Not supported for targeted family) ; --            ; lab6_toplevel ; Top            ;
; PARTITION_NETLIST_TYPE               ; -- (Not supported for targeted family) ; --            ; lab6_toplevel ; Top            ;
; PROJECT_OUTPUT_DIRECTORY             ; output_files                           ; --            ; --            ; --             ;
; TOP_LEVEL_ENTITY                     ; lab6_toplevel                          ; lab6          ; --            ; --             ;
+--------------------------------------+----------------------------------------+---------------+---------------+----------------+


+--------------------------------------------------------------------------------------------------------------------------+
; Flow Elapsed Time                                                                                                        ;
+----------------------+--------------+-------------------------+---------------------+------------------------------------+
; Module Name          ; Elapsed Time ; Average Processors Used ; Peak Virtual Memory ; Total CPU Time (on all processors) ;
+----------------------+--------------+-------------------------+---------------------+------------------------------------+
; Analysis & Synthesis ; 00:00:13     ; 1.0                     ; 637 MB              ; 00:00:25                           ;
; Fitter               ; 00:00:18     ; 1.0                     ; 1538 MB             ; 00:00:23                           ;
; Assembler            ; 00:00:07     ; 1.0                     ; 546 MB              ; 00:00:03                           ;
; Timing Analyzer      ; 00:00:04     ; 1.0                     ; 705 MB              ; 00:00:02                           ;
; EDA Netlist Writer   ; 00:00:05     ; 1.0                     ; 522 MB              ; 00:00:01                           ;
; Total                ; 00:00:47     ; --                      ; --                  ; 00:00:54                           ;
+----------------------+--------------+-------------------------+---------------------+------------------------------------+


+-----------------------------------------------------------------------------------+
; Flow OS Summary                                                                   ;
+----------------------+------------------+-----------+------------+----------------+
; Module Name          ; Machine Hostname ; OS Name   ; OS Version ; Processor type ;
+----------------------+------------------+-----------+------------+----------------+
; Analysis & Synthesis ; ECEB-3022-07     ; Windows 7 ; 6.1        ; x86_64         ;
; Fitter               ; ECEB-3022-07     ; Windows 7 ; 6.1        ; x86_64         ;
; Assembler            ; ECEB-3022-07     ; Windows 7 ; 6.1        ; x86_64         ;
; Timing Analyzer      ; ECEB-3022-07     ; Windows 7 ; 6.1        ; x86_64         ;
; EDA Netlist Writer   ; ECEB-3022-07     ; Windows 7 ; 6.1        ; x86_64         ;
+----------------------+------------------+-----------+------------+----------------+


------------
; Flow Log ;
------------
quartus_map --read_settings_files=on --write_settings_files=off lab6 -c lab6
quartus_fit --read_settings_files=off --write_settings_files=off lab6 -c lab6
quartus_asm --read_settings_files=off --write_settings_files=off lab6 -c lab6
quartus_sta lab6 -c lab6
quartus_eda --read_settings_files=off --write_settings_files=off lab6 -c lab6



