Analysis & Synthesis report for lab6
Tue Oct 09 19:08:58 2018
Quartus Prime Version 18.0.0 Build 614 04/24/2018 SJ Lite Edition


---------------------
; Table of Contents ;
---------------------
  1. Legal Notice
  2. Analysis & Synthesis Summary
  3. Analysis & Synthesis Settings
  4. Parallel Compilation
  5. Analysis & Synthesis Source Files Read
  6. Analysis & Synthesis Resource Usage Summary
  7. Analysis & Synthesis Resource Utilization by Entity
  8. State Machine - |lab6_toplevel|slc3:my_slc|ISDU:state_controller|State
  9. Registers Removed During Synthesis
 10. General Register Statistics
 11. Multiplexer Restructuring Statistics (Restructuring Performed)
 12. Parameter Settings for User Entity Instance: slc3:my_slc|tristate:tr0
 13. Parameter Settings for User Entity Instance: test_memory:my_test_memory
 14. Parameter Settings for User Entity Instance: test_memory:my_test_memory|memory_parser:parser
 15. Port Connectivity Checks: "slc3:my_slc|ISDU:state_controller"
 16. Port Connectivity Checks: "slc3:my_slc|Mem2IO:memory_subsystem"
 17. Port Connectivity Checks: "slc3:my_slc|calc:r0"
 18. Port Connectivity Checks: "slc3:my_slc|selector:s1"
 19. Port Connectivity Checks: "slc3:my_slc|selector:s0"
 20. Port Connectivity Checks: "slc3:my_slc|reg_16:make_reg[7].reg_i"
 21. Port Connectivity Checks: "slc3:my_slc|reg_16:make_reg[6].reg_i"
 22. Port Connectivity Checks: "slc3:my_slc|reg_16:make_reg[5].reg_i"
 23. Port Connectivity Checks: "slc3:my_slc|reg_16:make_reg[4].reg_i"
 24. Port Connectivity Checks: "slc3:my_slc|reg_16:make_reg[3].reg_i"
 25. Port Connectivity Checks: "slc3:my_slc|reg_16:make_reg[2].reg_i"
 26. Port Connectivity Checks: "slc3:my_slc|reg_16:make_reg[1].reg_i"
 27. Port Connectivity Checks: "slc3:my_slc|reg_16:make_reg[0].reg_i"
 28. Port Connectivity Checks: "slc3:my_slc|reg_16:ST"
 29. Port Connectivity Checks: "slc3:my_slc|add_1:adder_PC|four_bit_ra:FRA3"
 30. Port Connectivity Checks: "slc3:my_slc|add_1:adder_PC|four_bit_ra:FRA2"
 31. Port Connectivity Checks: "slc3:my_slc|add_1:adder_PC|four_bit_ra:FRA1"
 32. Port Connectivity Checks: "slc3:my_slc|add_1:adder_PC|four_bit_ra:FRA0"
 33. Port Connectivity Checks: "slc3:my_slc|add_1:adder_PC"
 34. Post-Synthesis Netlist Statistics for Top Partition
 35. Elapsed Time Per Partition
 36. Analysis & Synthesis Messages



----------------
; Legal Notice ;
----------------
Copyright (C) 2018  Intel Corporation. All rights reserved.
Your use of Intel Corporation's design tools, logic functions 
and other software and tools, and its AMPP partner logic 
functions, and any output files from any of the foregoing 
(including device programming or simulation files), and any 
associated documentation or information are expressly subject 
to the terms and conditions of the Intel Program License 
Subscription Agreement, the Intel Quartus Prime License Agreement,
the Intel FPGA IP License Agreement, or other applicable license
agreement, including, without limitation, that your use is for
the sole purpose of programming logic devices manufactured by
Intel and sold by Intel or its authorized distributors.  Please
refer to the applicable agreement for further details.



+----------------------------------------------------------------------------------+
; Analysis & Synthesis Summary                                                     ;
+------------------------------------+---------------------------------------------+
; Analysis & Synthesis Status        ; Successful - Tue Oct 09 19:08:58 2018       ;
; Quartus Prime Version              ; 18.0.0 Build 614 04/24/2018 SJ Lite Edition ;
; Revision Name                      ; lab6                                        ;
; Top-level Entity Name              ; lab6_toplevel                               ;
; Family                             ; Cyclone IV E                                ;
; Total logic elements               ; 153                                         ;
;     Total combinational functions  ; 121                                         ;
;     Dedicated logic registers      ; 106                                         ;
; Total registers                    ; 106                                         ;
; Total pins                         ; 193                                         ;
; Total virtual pins                 ; 0                                           ;
; Total memory bits                  ; 0                                           ;
; Embedded Multiplier 9-bit elements ; 0                                           ;
; Total PLLs                         ; 0                                           ;
+------------------------------------+---------------------------------------------+


+------------------------------------------------------------------------------------------------------------+
; Analysis & Synthesis Settings                                                                              ;
+------------------------------------------------------------------+--------------------+--------------------+
; Option                                                           ; Setting            ; Default Value      ;
+------------------------------------------------------------------+--------------------+--------------------+
; Device                                                           ; EP4CE115F29C7      ;                    ;
; Top-level entity name                                            ; lab6_toplevel      ; lab6               ;
; Family name                                                      ; Cyclone IV E       ; Cyclone V          ;
; Use smart compilation                                            ; Off                ; Off                ;
; Enable parallel Assembler and Timing Analyzer during compilation ; On                 ; On                 ;
; Enable compact report table                                      ; Off                ; Off                ;
; Restructure Multiplexers                                         ; Auto               ; Auto               ;
; Create Debugging Nodes for IP Cores                              ; Off                ; Off                ;
; Preserve fewer node names                                        ; On                 ; On                 ;
; Intel FPGA IP Evaluation Mode                                    ; Enable             ; Enable             ;
; Verilog Version                                                  ; Verilog_2001       ; Verilog_2001       ;
; VHDL Version                                                     ; VHDL_1993          ; VHDL_1993          ;
; State Machine Processing                                         ; Auto               ; Auto               ;
; Safe State Machine                                               ; Off                ; Off                ;
; Extract Verilog State Machines                                   ; On                 ; On                 ;
; Extract VHDL State Machines                                      ; On                 ; On                 ;
; Ignore Verilog initial constructs                                ; Off                ; Off                ;
; Iteration limit for constant Verilog loops                       ; 5000               ; 5000               ;
; Iteration limit for non-constant Verilog loops                   ; 250                ; 250                ;
; Add Pass-Through Logic to Inferred RAMs                          ; On                 ; On                 ;
; Infer RAMs from Raw Logic                                        ; On                 ; On                 ;
; Parallel Synthesis                                               ; On                 ; On                 ;
; DSP Block Balancing                                              ; Auto               ; Auto               ;
; NOT Gate Push-Back                                               ; On                 ; On                 ;
; Power-Up Don't Care                                              ; On                 ; On                 ;
; Remove Redundant Logic Cells                                     ; Off                ; Off                ;
; Remove Duplicate Registers                                       ; On                 ; On                 ;
; Ignore CARRY Buffers                                             ; Off                ; Off                ;
; Ignore CASCADE Buffers                                           ; Off                ; Off                ;
; Ignore GLOBAL Buffers                                            ; Off                ; Off                ;
; Ignore ROW GLOBAL Buffers                                        ; Off                ; Off                ;
; Ignore LCELL Buffers                                             ; Off                ; Off                ;
; Ignore SOFT Buffers                                              ; On                 ; On                 ;
; Limit AHDL Integers to 32 Bits                                   ; Off                ; Off                ;
; Optimization Technique                                           ; Balanced           ; Balanced           ;
; Carry Chain Length                                               ; 70                 ; 70                 ;
; Auto Carry Chains                                                ; On                 ; On                 ;
; Auto Open-Drain Pins                                             ; On                 ; On                 ;
; Perform WYSIWYG Primitive Resynthesis                            ; Off                ; Off                ;
; Auto ROM Replacement                                             ; On                 ; On                 ;
; Auto RAM Replacement                                             ; On                 ; On                 ;
; Auto DSP Block Replacement                                       ; On                 ; On                 ;
; Auto Shift Register Replacement                                  ; Auto               ; Auto               ;
; Allow Shift Register Merging across Hierarchies                  ; Auto               ; Auto               ;
; Auto Clock Enable Replacement                                    ; On                 ; On                 ;
; Strict RAM Replacement                                           ; Off                ; Off                ;
; Allow Synchronous Control Signals                                ; On                 ; On                 ;
; Force Use of Synchronous Clear Signals                           ; Off                ; Off                ;
; Auto RAM Block Balancing                                         ; On                 ; On                 ;
; Auto RAM to Logic Cell Conversion                                ; Off                ; Off                ;
; Auto Resource Sharing                                            ; Off                ; Off                ;
; Allow Any RAM Size For Recognition                               ; Off                ; Off                ;
; Allow Any ROM Size For Recognition                               ; Off                ; Off                ;
; Allow Any Shift Register Size For Recognition                    ; Off                ; Off                ;
; Use LogicLock Constraints during Resource Balancing              ; On                 ; On                 ;
; Ignore translate_off and synthesis_off directives                ; Off                ; Off                ;
; Timing-Driven Synthesis                                          ; On                 ; On                 ;
; Report Parameter Settings                                        ; On                 ; On                 ;
; Report Source Assignments                                        ; On                 ; On                 ;
; Report Connectivity Checks                                       ; On                 ; On                 ;
; Ignore Maximum Fan-Out Assignments                               ; Off                ; Off                ;
; Synchronization Register Chain Length                            ; 2                  ; 2                  ;
; Power Optimization During Synthesis                              ; Normal compilation ; Normal compilation ;
; HDL message level                                                ; Level2             ; Level2             ;
; Suppress Register Optimization Related Messages                  ; Off                ; Off                ;
; Number of Removed Registers Reported in Synthesis Report         ; 5000               ; 5000               ;
; Number of Swept Nodes Reported in Synthesis Report               ; 5000               ; 5000               ;
; Number of Inverted Registers Reported in Synthesis Report        ; 100                ; 100                ;
; Clock MUX Protection                                             ; On                 ; On                 ;
; Auto Gated Clock Conversion                                      ; Off                ; Off                ;
; Block Design Naming                                              ; Auto               ; Auto               ;
; SDC constraint protection                                        ; Off                ; Off                ;
; Synthesis Effort                                                 ; Auto               ; Auto               ;
; Shift Register Replacement - Allow Asynchronous Clear Signal     ; On                 ; On                 ;
; Pre-Mapping Resynthesis Optimization                             ; Off                ; Off                ;
; Analysis & Synthesis Message Level                               ; Medium             ; Medium             ;
; Disable Register Merging Across Hierarchies                      ; Auto               ; Auto               ;
; Resource Aware Inference For Block RAM                           ; On                 ; On                 ;
+------------------------------------------------------------------+--------------------+--------------------+


+------------------------------------------+
; Parallel Compilation                     ;
+----------------------------+-------------+
; Processors                 ; Number      ;
+----------------------------+-------------+
; Number detected on machine ; 8           ;
; Maximum allowed            ; 4           ;
;                            ;             ;
; Average used               ; 1.00        ;
; Maximum used               ; 4           ;
;                            ;             ;
; Usage by Processor         ; % Time Used ;
;     Processor 1            ; 100.0%      ;
;     Processors 2-4         ;   0.0%      ;
+----------------------------+-------------+


+------------------------------------------------------------------------------------------------------------------------------------------------------------------------+
; Analysis & Synthesis Source Files Read                                                                                                                                 ;
+----------------------------------+-----------------+------------------------------+--------------------------------------------------------------------------+---------+
; File Name with User-Entered Path ; Used in Netlist ; File Type                    ; File Name with Absolute Path                                             ; Library ;
+----------------------------------+-----------------+------------------------------+--------------------------------------------------------------------------+---------+
; HexDriver.sv                     ; yes             ; User SystemVerilog HDL File  ; E:/kab 6 new/Updated_ECE385_lab6_provided_Spring_2018/HexDriver.sv       ;         ;
; ripple_adder.sv                  ; yes             ; User SystemVerilog HDL File  ; E:/kab 6 new/Updated_ECE385_lab6_provided_Spring_2018/ripple_adder.sv    ;         ;
; reg.sv                           ; yes             ; User SystemVerilog HDL File  ; E:/kab 6 new/Updated_ECE385_lab6_provided_Spring_2018/reg.sv             ;         ;
; tristate.sv                      ; yes             ; User SystemVerilog HDL File  ; E:/kab 6 new/Updated_ECE385_lab6_provided_Spring_2018/tristate.sv        ;         ;
; test_memory.sv                   ; yes             ; User SystemVerilog HDL File  ; E:/kab 6 new/Updated_ECE385_lab6_provided_Spring_2018/test_memory.sv     ;         ;
; SLC3_2.sv                        ; yes             ; User SystemVerilog HDL File  ; E:/kab 6 new/Updated_ECE385_lab6_provided_Spring_2018/SLC3_2.sv          ;         ;
; slc3.sv                          ; yes             ; User SystemVerilog HDL File  ; E:/kab 6 new/Updated_ECE385_lab6_provided_Spring_2018/slc3.sv            ;         ;
; memory_contents.sv               ; yes             ; User SystemVerilog HDL File  ; E:/kab 6 new/Updated_ECE385_lab6_provided_Spring_2018/memory_contents.sv ;         ;
; Mem2IO.sv                        ; yes             ; User SystemVerilog HDL File  ; E:/kab 6 new/Updated_ECE385_lab6_provided_Spring_2018/Mem2IO.sv          ;         ;
; lab6_toplevel.sv                 ; yes             ; User SystemVerilog HDL File  ; E:/kab 6 new/Updated_ECE385_lab6_provided_Spring_2018/lab6_toplevel.sv   ;         ;
; ISDU.sv                          ; yes             ; User SystemVerilog HDL File  ; E:/kab 6 new/Updated_ECE385_lab6_provided_Spring_2018/ISDU.sv            ;         ;
; mux.sv                           ; yes             ; User SystemVerilog HDL File  ; E:/kab 6 new/Updated_ECE385_lab6_provided_Spring_2018/mux.sv             ;         ;
; calc.sv                          ; yes             ; User SystemVerilog HDL File  ; E:/kab 6 new/Updated_ECE385_lab6_provided_Spring_2018/calc.sv            ;         ;
+----------------------------------+-----------------+------------------------------+--------------------------------------------------------------------------+---------+


+---------------------------------------------------------+
; Analysis & Synthesis Resource Usage Summary             ;
+---------------------------------------------+-----------+
; Resource                                    ; Usage     ;
+---------------------------------------------+-----------+
; Estimated Total logic elements              ; 153       ;
;                                             ;           ;
; Total combinational functions               ; 121       ;
; Logic element usage by number of LUT inputs ;           ;
;     -- 4 input functions                    ; 49        ;
;     -- 3 input functions                    ; 25        ;
;     -- <=2 input functions                  ; 47        ;
;                                             ;           ;
; Logic elements by mode                      ;           ;
;     -- normal mode                          ; 121       ;
;     -- arithmetic mode                      ; 0         ;
;                                             ;           ;
; Total registers                             ; 106       ;
;     -- Dedicated logic registers            ; 106       ;
;     -- I/O registers                        ; 0         ;
;                                             ;           ;
; I/O pins                                    ; 193       ;
;                                             ;           ;
; Embedded Multiplier 9-bit elements          ; 0         ;
;                                             ;           ;
; Maximum fan-out node                        ; Clk~input ;
; Maximum fan-out                             ; 106       ;
; Total fan-out                               ; 1006      ;
; Average fan-out                             ; 1.60      ;
+---------------------------------------------+-----------+


+-----------------------------------------------------------------------------------------------------------------------------------------------------------------------------------------------------------------------------------------------------------------------+
; Analysis & Synthesis Resource Utilization by Entity                                                                                                                                                                                                                   ;
+---------------------------------+---------------------+---------------------------+-------------+--------------+---------+-----------+------+--------------+---------------------------------------------------------------------------+---------------+--------------+
; Compilation Hierarchy Node      ; Combinational ALUTs ; Dedicated Logic Registers ; Memory Bits ; DSP Elements ; DSP 9x9 ; DSP 18x18 ; Pins ; Virtual Pins ; Full Hierarchy Name                                                       ; Entity Name   ; Library Name ;
+---------------------------------+---------------------+---------------------------+-------------+--------------+---------+-----------+------+--------------+---------------------------------------------------------------------------+---------------+--------------+
; |lab6_toplevel                  ; 121 (0)             ; 106 (0)                   ; 0           ; 0            ; 0       ; 0         ; 193  ; 0            ; |lab6_toplevel                                                            ; lab6_toplevel ; work         ;
;    |slc3:my_slc|                ; 121 (0)             ; 106 (0)                   ; 0           ; 0            ; 0       ; 0         ; 0    ; 0            ; |lab6_toplevel|slc3:my_slc                                                ; slc3          ; work         ;
;       |HexDriver:hex_driver4|   ; 7 (7)               ; 0 (0)                     ; 0           ; 0            ; 0       ; 0         ; 0    ; 0            ; |lab6_toplevel|slc3:my_slc|HexDriver:hex_driver4                          ; HexDriver     ; work         ;
;       |HexDriver:hex_driver5|   ; 7 (7)               ; 0 (0)                     ; 0           ; 0            ; 0       ; 0         ; 0    ; 0            ; |lab6_toplevel|slc3:my_slc|HexDriver:hex_driver5                          ; HexDriver     ; work         ;
;       |HexDriver:hex_driver6|   ; 7 (7)               ; 0 (0)                     ; 0           ; 0            ; 0       ; 0         ; 0    ; 0            ; |lab6_toplevel|slc3:my_slc|HexDriver:hex_driver6                          ; HexDriver     ; work         ;
;       |HexDriver:hex_driver7|   ; 7 (7)               ; 0 (0)                     ; 0           ; 0            ; 0       ; 0         ; 0    ; 0            ; |lab6_toplevel|slc3:my_slc|HexDriver:hex_driver7                          ; HexDriver     ; work         ;
;       |ISDU:state_controller|   ; 14 (14)             ; 10 (10)                   ; 0           ; 0            ; 0       ; 0         ; 0    ; 0            ; |lab6_toplevel|slc3:my_slc|ISDU:state_controller                          ; ISDU          ; work         ;
;       |Mem2IO:memory_subsystem| ; 5 (5)               ; 0 (0)                     ; 0           ; 0            ; 0       ; 0         ; 0    ; 0            ; |lab6_toplevel|slc3:my_slc|Mem2IO:memory_subsystem                        ; Mem2IO        ; work         ;
;       |add_1:adder_PC|          ; 21 (0)              ; 0 (0)                     ; 0           ; 0            ; 0       ; 0         ; 0    ; 0            ; |lab6_toplevel|slc3:my_slc|add_1:adder_PC                                 ; add_1         ; work         ;
;          |four_bit_ra:FRA0|     ; 4 (0)               ; 0 (0)                     ; 0           ; 0            ; 0       ; 0         ; 0    ; 0            ; |lab6_toplevel|slc3:my_slc|add_1:adder_PC|four_bit_ra:FRA0                ; four_bit_ra   ; work         ;
;             |full_adder:fa1|    ; 1 (1)               ; 0 (0)                     ; 0           ; 0            ; 0       ; 0         ; 0    ; 0            ; |lab6_toplevel|slc3:my_slc|add_1:adder_PC|four_bit_ra:FRA0|full_adder:fa1 ; full_adder    ; work         ;
;             |full_adder:fa2|    ; 1 (1)               ; 0 (0)                     ; 0           ; 0            ; 0       ; 0         ; 0    ; 0            ; |lab6_toplevel|slc3:my_slc|add_1:adder_PC|four_bit_ra:FRA0|full_adder:fa2 ; full_adder    ; work         ;
;             |full_adder:fa3|    ; 2 (2)               ; 0 (0)                     ; 0           ; 0            ; 0       ; 0         ; 0    ; 0            ; |lab6_toplevel|slc3:my_slc|add_1:adder_PC|four_bit_ra:FRA0|full_adder:fa3 ; full_adder    ; work         ;
;          |four_bit_ra:FRA1|     ; 5 (0)               ; 0 (0)                     ; 0           ; 0            ; 0       ; 0         ; 0    ; 0            ; |lab6_toplevel|slc3:my_slc|add_1:adder_PC|four_bit_ra:FRA1                ; four_bit_ra   ; work         ;
;             |full_adder:fa0|    ; 1 (1)               ; 0 (0)                     ; 0           ; 0            ; 0       ; 0         ; 0    ; 0            ; |lab6_toplevel|slc3:my_slc|add_1:adder_PC|four_bit_ra:FRA1|full_adder:fa0 ; full_adder    ; work         ;
;             |full_adder:fa1|    ; 1 (1)               ; 0 (0)                     ; 0           ; 0            ; 0       ; 0         ; 0    ; 0            ; |lab6_toplevel|slc3:my_slc|add_1:adder_PC|four_bit_ra:FRA1|full_adder:fa1 ; full_adder    ; work         ;
;             |full_adder:fa2|    ; 2 (2)               ; 0 (0)                     ; 0           ; 0            ; 0       ; 0         ; 0    ; 0            ; |lab6_toplevel|slc3:my_slc|add_1:adder_PC|four_bit_ra:FRA1|full_adder:fa2 ; full_adder    ; work         ;
;             |full_adder:fa3|    ; 1 (1)               ; 0 (0)                     ; 0           ; 0            ; 0       ; 0         ; 0    ; 0            ; |lab6_toplevel|slc3:my_slc|add_1:adder_PC|four_bit_ra:FRA1|full_adder:fa3 ; full_adder    ; work         ;
;          |four_bit_ra:FRA2|     ; 6 (0)               ; 0 (0)                     ; 0           ; 0            ; 0       ; 0         ; 0    ; 0            ; |lab6_toplevel|slc3:my_slc|add_1:adder_PC|four_bit_ra:FRA2                ; four_bit_ra   ; work         ;
;             |full_adder:fa0|    ; 1 (1)               ; 0 (0)                     ; 0           ; 0            ; 0       ; 0         ; 0    ; 0            ; |lab6_toplevel|slc3:my_slc|add_1:adder_PC|four_bit_ra:FRA2|full_adder:fa0 ; full_adder    ; work         ;
;             |full_adder:fa1|    ; 3 (3)               ; 0 (0)                     ; 0           ; 0            ; 0       ; 0         ; 0    ; 0            ; |lab6_toplevel|slc3:my_slc|add_1:adder_PC|four_bit_ra:FRA2|full_adder:fa1 ; full_adder    ; work         ;
;             |full_adder:fa2|    ; 1 (1)               ; 0 (0)                     ; 0           ; 0            ; 0       ; 0         ; 0    ; 0            ; |lab6_toplevel|slc3:my_slc|add_1:adder_PC|four_bit_ra:FRA2|full_adder:fa2 ; full_adder    ; work         ;
;             |full_adder:fa3|    ; 1 (1)               ; 0 (0)                     ; 0           ; 0            ; 0       ; 0         ; 0    ; 0            ; |lab6_toplevel|slc3:my_slc|add_1:adder_PC|four_bit_ra:FRA2|full_adder:fa3 ; full_adder    ; work         ;
;          |four_bit_ra:FRA3|     ; 6 (0)               ; 0 (0)                     ; 0           ; 0            ; 0       ; 0         ; 0    ; 0            ; |lab6_toplevel|slc3:my_slc|add_1:adder_PC|four_bit_ra:FRA3                ; four_bit_ra   ; work         ;
;             |full_adder:fa0|    ; 3 (3)               ; 0 (0)                     ; 0           ; 0            ; 0       ; 0         ; 0    ; 0            ; |lab6_toplevel|slc3:my_slc|add_1:adder_PC|four_bit_ra:FRA3|full_adder:fa0 ; full_adder    ; work         ;
;             |full_adder:fa1|    ; 1 (1)               ; 0 (0)                     ; 0           ; 0            ; 0       ; 0         ; 0    ; 0            ; |lab6_toplevel|slc3:my_slc|add_1:adder_PC|four_bit_ra:FRA3|full_adder:fa1 ; full_adder    ; work         ;
;             |full_adder:fa2|    ; 1 (1)               ; 0 (0)                     ; 0           ; 0            ; 0       ; 0         ; 0    ; 0            ; |lab6_toplevel|slc3:my_slc|add_1:adder_PC|four_bit_ra:FRA3|full_adder:fa2 ; full_adder    ; work         ;
;             |full_adder:fa3|    ; 1 (1)               ; 0 (0)                     ; 0           ; 0            ; 0       ; 0         ; 0    ; 0            ; |lab6_toplevel|slc3:my_slc|add_1:adder_PC|four_bit_ra:FRA3|full_adder:fa3 ; full_adder    ; work         ;
;       |reg_16:IR|               ; 17 (17)             ; 16 (16)                   ; 0           ; 0            ; 0       ; 0         ; 0    ; 0            ; |lab6_toplevel|slc3:my_slc|reg_16:IR                                      ; reg_16        ; work         ;
;       |reg_16:MAR|              ; 17 (17)             ; 16 (16)                   ; 0           ; 0            ; 0       ; 0         ; 0    ; 0            ; |lab6_toplevel|slc3:my_slc|reg_16:MAR                                     ; reg_16        ; work         ;
;       |reg_16:MDR|              ; 17 (17)             ; 16 (16)                   ; 0           ; 0            ; 0       ; 0         ; 0    ; 0            ; |lab6_toplevel|slc3:my_slc|reg_16:MDR                                     ; reg_16        ; work         ;
;       |reg_16:PC|               ; 2 (2)               ; 16 (16)                   ; 0           ; 0            ; 0       ; 0         ; 0    ; 0            ; |lab6_toplevel|slc3:my_slc|reg_16:PC                                      ; reg_16        ; work         ;
;       |tristate:tr0|            ; 0 (0)               ; 32 (32)                   ; 0           ; 0            ; 0       ; 0         ; 0    ; 0            ; |lab6_toplevel|slc3:my_slc|tristate:tr0                                   ; tristate      ; work         ;
+---------------------------------+---------------------+---------------------------+-------------+--------------+---------+-----------+------+--------------+---------------------------------------------------------------------------+---------------+--------------+
Note: For table entries with two numbers listed, the numbers in parentheses indicate the number of resources of the given type used by the specific entity alone. The numbers listed outside of parentheses indicate the total resources of the given type used by the specific entity and all of its sub-entities in the hierarchy.


Encoding Type:  One-Hot
+------------------------------------------------------------------------------------------------------------------------------------------------------------------------------------------------------------------------------------+
; State Machine - |lab6_toplevel|slc3:my_slc|ISDU:state_controller|State                                                                                                                                                             ;
+--------------------+--------------+------------+----------------+----------------+--------------------+----------------+------------------+------------------+------------------+-----------------+-----------------+--------------+
; Name               ; State.Rest_2 ; State.Rest ; State.PauseIR2 ; State.PauseIR1 ; State.FETCH_INC_PC ; State.FETCH_IR ; State.FETCH_MDR3 ; State.FETCH_MDR2 ; State.FETCH_MDR1 ; State.FETCH_MDR ; State.FETCH_MAR ; State.Halted ;
+--------------------+--------------+------------+----------------+----------------+--------------------+----------------+------------------+------------------+------------------+-----------------+-----------------+--------------+
; State.Halted       ; 0            ; 0          ; 0              ; 0              ; 0                  ; 0              ; 0                ; 0                ; 0                ; 0               ; 0               ; 0            ;
; State.FETCH_MAR    ; 0            ; 0          ; 0              ; 0              ; 0                  ; 0              ; 0                ; 0                ; 0                ; 0               ; 1               ; 1            ;
; State.FETCH_MDR    ; 0            ; 0          ; 0              ; 0              ; 0                  ; 0              ; 0                ; 0                ; 0                ; 1               ; 0               ; 1            ;
; State.FETCH_MDR1   ; 0            ; 0          ; 0              ; 0              ; 0                  ; 0              ; 0                ; 0                ; 1                ; 0               ; 0               ; 1            ;
; State.FETCH_MDR2   ; 0            ; 0          ; 0              ; 0              ; 0                  ; 0              ; 0                ; 1                ; 0                ; 0               ; 0               ; 1            ;
; State.FETCH_MDR3   ; 0            ; 0          ; 0              ; 0              ; 0                  ; 0              ; 1                ; 0                ; 0                ; 0               ; 0               ; 1            ;
; State.FETCH_IR     ; 0            ; 0          ; 0              ; 0              ; 0                  ; 1              ; 0                ; 0                ; 0                ; 0               ; 0               ; 1            ;
; State.FETCH_INC_PC ; 0            ; 0          ; 0              ; 0              ; 1                  ; 0              ; 0                ; 0                ; 0                ; 0               ; 0               ; 1            ;
; State.PauseIR1     ; 0            ; 0          ; 0              ; 1              ; 0                  ; 0              ; 0                ; 0                ; 0                ; 0               ; 0               ; 1            ;
; State.PauseIR2     ; 0            ; 0          ; 1              ; 0              ; 0                  ; 0              ; 0                ; 0                ; 0                ; 0               ; 0               ; 1            ;
; State.Rest         ; 0            ; 1          ; 0              ; 0              ; 0                  ; 0              ; 0                ; 0                ; 0                ; 0               ; 0               ; 1            ;
; State.Rest_2       ; 1            ; 0          ; 0              ; 0              ; 0                  ; 0              ; 0                ; 0                ; 0                ; 0               ; 0               ; 1            ;
+--------------------+--------------+------------+----------------+----------------+--------------------+----------------+------------------+------------------+------------------+-----------------+-----------------+--------------+


+----------------------------------------------------------------------------------------------+
; Registers Removed During Synthesis                                                           ;
+-----------------------------------------------------+----------------------------------------+
; Register name                                       ; Reason for Removal                     ;
+-----------------------------------------------------+----------------------------------------+
; slc3:my_slc|Mem2IO:memory_subsystem|hex_data[0..15] ; Stuck at GND due to stuck port data_in ;
; slc3:my_slc|ISDU:state_controller|State.PauseIR1    ; Lost fanout                            ;
; slc3:my_slc|ISDU:state_controller|State.PauseIR2    ; Lost fanout                            ;
; slc3:my_slc|ISDU:state_controller|State~2           ; Lost fanout                            ;
; slc3:my_slc|ISDU:state_controller|State~3           ; Lost fanout                            ;
; slc3:my_slc|ISDU:state_controller|State~4           ; Lost fanout                            ;
; slc3:my_slc|ISDU:state_controller|State~5           ; Lost fanout                            ;
; slc3:my_slc|ISDU:state_controller|State~6           ; Lost fanout                            ;
; slc3:my_slc|ISDU:state_controller|State~7           ; Lost fanout                            ;
; slc3:my_slc|ISDU:state_controller|State~8           ; Lost fanout                            ;
; slc3:my_slc|ISDU:state_controller|State~9           ; Lost fanout                            ;
; slc3:my_slc|ISDU:state_controller|State~10          ; Lost fanout                            ;
; slc3:my_slc|ISDU:state_controller|State~11          ; Lost fanout                            ;
; slc3:my_slc|ISDU:state_controller|State~12          ; Lost fanout                            ;
; Total Number of Removed Registers = 29              ;                                        ;
+-----------------------------------------------------+----------------------------------------+


+------------------------------------------------------+
; General Register Statistics                          ;
+----------------------------------------------+-------+
; Statistic                                    ; Value ;
+----------------------------------------------+-------+
; Total registers                              ; 106   ;
; Number of registers using Synchronous Clear  ; 32    ;
; Number of registers using Synchronous Load   ; 0     ;
; Number of registers using Asynchronous Clear ; 0     ;
; Number of registers using Asynchronous Load  ; 0     ;
; Number of registers using Clock Enable       ; 63    ;
; Number of registers using Preset             ; 0     ;
+----------------------------------------------+-------+


+----------------------------------------------------------------------------------------------------------------------------------------------------------------------+
; Multiplexer Restructuring Statistics (Restructuring Performed)                                                                                                       ;
+--------------------+-----------+---------------+----------------------+------------------------+------------+--------------------------------------------------------+
; Multiplexer Inputs ; Bus Width ; Baseline Area ; Area if Restructured ; Saving if Restructured ; Registered ; Example Multiplexer Output                             ;
+--------------------+-----------+---------------+----------------------+------------------------+------------+--------------------------------------------------------+
; 3:1                ; 16 bits   ; 32 LEs        ; 16 LEs               ; 16 LEs                 ; Yes        ; |lab6_toplevel|slc3:my_slc|reg_16:MAR|Data_Out[7]      ;
; 3:1                ; 16 bits   ; 32 LEs        ; 16 LEs               ; 16 LEs                 ; Yes        ; |lab6_toplevel|slc3:my_slc|reg_16:IR|Data_Out[0]       ;
; 3:1                ; 16 bits   ; 32 LEs        ; 16 LEs               ; 16 LEs                 ; Yes        ; |lab6_toplevel|slc3:my_slc|reg_16:PC|Data_Out[3]       ;
; 4:1                ; 16 bits   ; 32 LEs        ; 32 LEs               ; 0 LEs                  ; Yes        ; |lab6_toplevel|slc3:my_slc|reg_16:MDR|Data_Out[6]      ;
; 8:1                ; 4 bits    ; 20 LEs        ; 12 LEs               ; 8 LEs                  ; No         ; |lab6_toplevel|slc3:my_slc|ISDU:state_controller|State ;
+--------------------+-----------+---------------+----------------------+------------------------+------------+--------------------------------------------------------+


+-----------------------------------------------------------------------+
; Parameter Settings for User Entity Instance: slc3:my_slc|tristate:tr0 ;
+----------------+-------+----------------------------------------------+
; Parameter Name ; Value ; Type                                         ;
+----------------+-------+----------------------------------------------+
; N              ; 16    ; Signed Integer                               ;
+----------------+-------+----------------------------------------------+
Note: In order to hide this table in the UI and the text report file, please set the "Show Parameter Settings in Synthesis Report" option in "Analysis and Synthesis Settings -> More Settings" to "Off".


+-------------------------------------------------------------------------+
; Parameter Settings for User Entity Instance: test_memory:my_test_memory ;
+----------------+-------+------------------------------------------------+
; Parameter Name ; Value ; Type                                           ;
+----------------+-------+------------------------------------------------+
; size           ; 256   ; Signed Integer                                 ;
; init_external  ; 0     ; Signed Integer                                 ;
+----------------+-------+------------------------------------------------+
Note: In order to hide this table in the UI and the text report file, please set the "Show Parameter Settings in Synthesis Report" option in "Analysis and Synthesis Settings -> More Settings" to "Off".


+----------------------------------------------------------------------------------------------+
; Parameter Settings for User Entity Instance: test_memory:my_test_memory|memory_parser:parser ;
+----------------+-------+---------------------------------------------------------------------+
; Parameter Name ; Value ; Type                                                                ;
+----------------+-------+---------------------------------------------------------------------+
; size           ; 256   ; Signed Integer                                                      ;
+----------------+-------+---------------------------------------------------------------------+
Note: In order to hide this table in the UI and the text report file, please set the "Show Parameter Settings in Synthesis Report" option in "Analysis and Synthesis Settings -> More Settings" to "Off".


+----------------------------------------------------------------------------------------------------------------------+
; Port Connectivity Checks: "slc3:my_slc|ISDU:state_controller"                                                        ;
+------------+--------+----------+-------------------------------------------------------------------------------------+
; Port       ; Type   ; Severity ; Details                                                                             ;
+------------+--------+----------+-------------------------------------------------------------------------------------+
; INC_PC_En  ; Output ; Info     ; Connected to dangling logic. Logic that only feeds a dangling port will be removed. ;
; BEN        ; Input  ; Info     ; Stuck at GND                                                                        ;
; LD_BEN     ; Output ; Info     ; Connected to dangling logic. Logic that only feeds a dangling port will be removed. ;
; LD_CC      ; Output ; Info     ; Connected to dangling logic. Logic that only feeds a dangling port will be removed. ;
; LD_REG     ; Output ; Info     ; Connected to dangling logic. Logic that only feeds a dangling port will be removed. ;
; LD_LED     ; Output ; Info     ; Connected to dangling logic. Logic that only feeds a dangling port will be removed. ;
; GatePC     ; Output ; Info     ; Connected to dangling logic. Logic that only feeds a dangling port will be removed. ;
; GateMDR    ; Output ; Info     ; Connected to dangling logic. Logic that only feeds a dangling port will be removed. ;
; GateALU    ; Output ; Info     ; Connected to dangling logic. Logic that only feeds a dangling port will be removed. ;
; GateMARMUX ; Output ; Info     ; Connected to dangling logic. Logic that only feeds a dangling port will be removed. ;
; PCMUX      ; Output ; Info     ; Connected to dangling logic. Logic that only feeds a dangling port will be removed. ;
; DRMUX      ; Output ; Info     ; Connected to dangling logic. Logic that only feeds a dangling port will be removed. ;
; SR1MUX     ; Output ; Info     ; Connected to dangling logic. Logic that only feeds a dangling port will be removed. ;
; SR2MUX     ; Output ; Info     ; Connected to dangling logic. Logic that only feeds a dangling port will be removed. ;
; ADDR1MUX   ; Output ; Info     ; Connected to dangling logic. Logic that only feeds a dangling port will be removed. ;
; ADDR2MUX   ; Output ; Info     ; Connected to dangling logic. Logic that only feeds a dangling port will be removed. ;
; ALUK       ; Output ; Info     ; Connected to dangling logic. Logic that only feeds a dangling port will be removed. ;
+------------+--------+----------+-------------------------------------------------------------------------------------+


+-----------------------------------------------------------------+
; Port Connectivity Checks: "slc3:my_slc|Mem2IO:memory_subsystem" ;
+--------------+-------+----------+-------------------------------+
; Port         ; Type  ; Severity ; Details                       ;
+--------------+-------+----------+-------------------------------+
; ADDR[19..16] ; Input ; Info     ; Stuck at GND                  ;
+--------------+-------+----------+-------------------------------+


+-----------------------------------------------------------------------------------------------------------------------------------------------------------------------------+
; Port Connectivity Checks: "slc3:my_slc|calc:r0"                                                                                                                             ;
+--------+--------+----------+------------------------------------------------------------------------------------------------------------------------------------------------+
; Port   ; Type   ; Severity ; Details                                                                                                                                        ;
+--------+--------+----------+------------------------------------------------------------------------------------------------------------------------------------------------+
; RHS0   ; Input  ; Warning  ; Input port expression (2 bits) is smaller than the input port (16 bits) it drives.  Extra input bit(s) "RHS0[15..2]" will be connected to GND. ;
; RHS1   ; Input  ; Warning  ; Input port expression (2 bits) is smaller than the input port (16 bits) it drives.  Extra input bit(s) "RHS1[15..2]" will be connected to GND. ;
; Result ; Output ; Info     ; Connected to dangling logic. Logic that only feeds a dangling port will be removed.                                                            ;
+--------+--------+----------+------------------------------------------------------------------------------------------------------------------------------------------------+


+------------------------------------------------------------------------------------------------------------------------------+
; Port Connectivity Checks: "slc3:my_slc|selector:s1"                                                                          ;
+--------------------+--------+----------+-------------------------------------------------------------------------------------+
; Port               ; Type   ; Severity ; Details                                                                             ;
+--------------------+--------+----------+-------------------------------------------------------------------------------------+
; Data_In_0[15..8]   ; Input  ; Info     ; Stuck at GND                                                                        ;
; Data_In_1[15..8]   ; Input  ; Info     ; Stuck at GND                                                                        ;
; Data_In_2[15..8]   ; Input  ; Info     ; Stuck at GND                                                                        ;
; Data_In_3[15..8]   ; Input  ; Info     ; Stuck at GND                                                                        ;
; Data_In_4[15..8]   ; Input  ; Info     ; Stuck at GND                                                                        ;
; Data_In_5[15..8]   ; Input  ; Info     ; Stuck at GND                                                                        ;
; Data_In_6[15..8]   ; Input  ; Info     ; Stuck at GND                                                                        ;
; Data_In_7[15..8]   ; Input  ; Info     ; Stuck at GND                                                                        ;
; Data_In_Imm[15..1] ; Input  ; Info     ; Stuck at GND                                                                        ;
; Data_Out[15..2]    ; Output ; Info     ; Connected to dangling logic. Logic that only feeds a dangling port will be removed. ;
+--------------------+--------+----------+-------------------------------------------------------------------------------------+


+----------------------------------------------------------------------------------------------------------------------------+
; Port Connectivity Checks: "slc3:my_slc|selector:s0"                                                                        ;
+------------------+--------+----------+-------------------------------------------------------------------------------------+
; Port             ; Type   ; Severity ; Details                                                                             ;
+------------------+--------+----------+-------------------------------------------------------------------------------------+
; Select_Imm       ; Input  ; Info     ; Stuck at GND                                                                        ;
; Data_In_0[15..8] ; Input  ; Info     ; Stuck at GND                                                                        ;
; Data_In_1[15..8] ; Input  ; Info     ; Stuck at GND                                                                        ;
; Data_In_2[15..8] ; Input  ; Info     ; Stuck at GND                                                                        ;
; Data_In_3[15..8] ; Input  ; Info     ; Stuck at GND                                                                        ;
; Data_In_4[15..8] ; Input  ; Info     ; Stuck at GND                                                                        ;
; Data_In_5[15..8] ; Input  ; Info     ; Stuck at GND                                                                        ;
; Data_In_6[15..8] ; Input  ; Info     ; Stuck at GND                                                                        ;
; Data_In_7[15..8] ; Input  ; Info     ; Stuck at GND                                                                        ;
; Data_In_Imm      ; Input  ; Info     ; Stuck at GND                                                                        ;
; Data_Out[15..2]  ; Output ; Info     ; Connected to dangling logic. Logic that only feeds a dangling port will be removed. ;
+------------------+--------+----------+-------------------------------------------------------------------------------------+


+----------------------------------------------------------------------------------------------------------------------------------------------------------------------------------+
; Port Connectivity Checks: "slc3:my_slc|reg_16:make_reg[7].reg_i"                                                                                                                 ;
+----------+--------+----------+---------------------------------------------------------------------------------------------------------------------------------------------------+
; Port     ; Type   ; Severity ; Details                                                                                                                                           ;
+----------+--------+----------+---------------------------------------------------------------------------------------------------------------------------------------------------+
; Data_In  ; Input  ; Warning  ; Input port expression (8 bits) is smaller than the input port (16 bits) it drives.  Extra input bit(s) "Data_In[15..8]" will be connected to GND. ;
; Data_Out ; Output ; Warning  ; Output or bidir port (16 bits) is wider than the port expression (8 bits) it drives; bit(s) "Data_Out[15..8]" have no fanouts                     ;
+----------+--------+----------+---------------------------------------------------------------------------------------------------------------------------------------------------+


+----------------------------------------------------------------------------------------------------------------------------------------------------------------------------------+
; Port Connectivity Checks: "slc3:my_slc|reg_16:make_reg[6].reg_i"                                                                                                                 ;
+----------+--------+----------+---------------------------------------------------------------------------------------------------------------------------------------------------+
; Port     ; Type   ; Severity ; Details                                                                                                                                           ;
+----------+--------+----------+---------------------------------------------------------------------------------------------------------------------------------------------------+
; Data_In  ; Input  ; Warning  ; Input port expression (8 bits) is smaller than the input port (16 bits) it drives.  Extra input bit(s) "Data_In[15..8]" will be connected to GND. ;
; Data_Out ; Output ; Warning  ; Output or bidir port (16 bits) is wider than the port expression (8 bits) it drives; bit(s) "Data_Out[15..8]" have no fanouts                     ;
+----------+--------+----------+---------------------------------------------------------------------------------------------------------------------------------------------------+


+----------------------------------------------------------------------------------------------------------------------------------------------------------------------------------+
; Port Connectivity Checks: "slc3:my_slc|reg_16:make_reg[5].reg_i"                                                                                                                 ;
+----------+--------+----------+---------------------------------------------------------------------------------------------------------------------------------------------------+
; Port     ; Type   ; Severity ; Details                                                                                                                                           ;
+----------+--------+----------+---------------------------------------------------------------------------------------------------------------------------------------------------+
; Data_In  ; Input  ; Warning  ; Input port expression (8 bits) is smaller than the input port (16 bits) it drives.  Extra input bit(s) "Data_In[15..8]" will be connected to GND. ;
; Data_Out ; Output ; Warning  ; Output or bidir port (16 bits) is wider than the port expression (8 bits) it drives; bit(s) "Data_Out[15..8]" have no fanouts                     ;
+----------+--------+----------+---------------------------------------------------------------------------------------------------------------------------------------------------+


+----------------------------------------------------------------------------------------------------------------------------------------------------------------------------------+
; Port Connectivity Checks: "slc3:my_slc|reg_16:make_reg[4].reg_i"                                                                                                                 ;
+----------+--------+----------+---------------------------------------------------------------------------------------------------------------------------------------------------+
; Port     ; Type   ; Severity ; Details                                                                                                                                           ;
+----------+--------+----------+---------------------------------------------------------------------------------------------------------------------------------------------------+
; Data_In  ; Input  ; Warning  ; Input port expression (8 bits) is smaller than the input port (16 bits) it drives.  Extra input bit(s) "Data_In[15..8]" will be connected to GND. ;
; Data_Out ; Output ; Warning  ; Output or bidir port (16 bits) is wider than the port expression (8 bits) it drives; bit(s) "Data_Out[15..8]" have no fanouts                     ;
+----------+--------+----------+---------------------------------------------------------------------------------------------------------------------------------------------------+


+----------------------------------------------------------------------------------------------------------------------------------------------------------------------------------+
; Port Connectivity Checks: "slc3:my_slc|reg_16:make_reg[3].reg_i"                                                                                                                 ;
+----------+--------+----------+---------------------------------------------------------------------------------------------------------------------------------------------------+
; Port     ; Type   ; Severity ; Details                                                                                                                                           ;
+----------+--------+----------+---------------------------------------------------------------------------------------------------------------------------------------------------+
; Data_In  ; Input  ; Warning  ; Input port expression (8 bits) is smaller than the input port (16 bits) it drives.  Extra input bit(s) "Data_In[15..8]" will be connected to GND. ;
; Data_Out ; Output ; Warning  ; Output or bidir port (16 bits) is wider than the port expression (8 bits) it drives; bit(s) "Data_Out[15..8]" have no fanouts                     ;
+----------+--------+----------+---------------------------------------------------------------------------------------------------------------------------------------------------+


+----------------------------------------------------------------------------------------------------------------------------------------------------------------------------------+
; Port Connectivity Checks: "slc3:my_slc|reg_16:make_reg[2].reg_i"                                                                                                                 ;
+----------+--------+----------+---------------------------------------------------------------------------------------------------------------------------------------------------+
; Port     ; Type   ; Severity ; Details                                                                                                                                           ;
+----------+--------+----------+---------------------------------------------------------------------------------------------------------------------------------------------------+
; Data_In  ; Input  ; Warning  ; Input port expression (8 bits) is smaller than the input port (16 bits) it drives.  Extra input bit(s) "Data_In[15..8]" will be connected to GND. ;
; Data_Out ; Output ; Warning  ; Output or bidir port (16 bits) is wider than the port expression (8 bits) it drives; bit(s) "Data_Out[15..8]" have no fanouts                     ;
+----------+--------+----------+---------------------------------------------------------------------------------------------------------------------------------------------------+


+----------------------------------------------------------------------------------------------------------------------------------------------------------------------------------+
; Port Connectivity Checks: "slc3:my_slc|reg_16:make_reg[1].reg_i"                                                                                                                 ;
+----------+--------+----------+---------------------------------------------------------------------------------------------------------------------------------------------------+
; Port     ; Type   ; Severity ; Details                                                                                                                                           ;
+----------+--------+----------+---------------------------------------------------------------------------------------------------------------------------------------------------+
; Data_In  ; Input  ; Warning  ; Input port expression (8 bits) is smaller than the input port (16 bits) it drives.  Extra input bit(s) "Data_In[15..8]" will be connected to GND. ;
; Data_Out ; Output ; Warning  ; Output or bidir port (16 bits) is wider than the port expression (8 bits) it drives; bit(s) "Data_Out[15..8]" have no fanouts                     ;
+----------+--------+----------+---------------------------------------------------------------------------------------------------------------------------------------------------+


+----------------------------------------------------------------------------------------------------------------------------------------------------------------------------------+
; Port Connectivity Checks: "slc3:my_slc|reg_16:make_reg[0].reg_i"                                                                                                                 ;
+----------+--------+----------+---------------------------------------------------------------------------------------------------------------------------------------------------+
; Port     ; Type   ; Severity ; Details                                                                                                                                           ;
+----------+--------+----------+---------------------------------------------------------------------------------------------------------------------------------------------------+
; Data_In  ; Input  ; Warning  ; Input port expression (8 bits) is smaller than the input port (16 bits) it drives.  Extra input bit(s) "Data_In[15..8]" will be connected to GND. ;
; Data_Out ; Output ; Warning  ; Output or bidir port (16 bits) is wider than the port expression (8 bits) it drives; bit(s) "Data_Out[15..8]" have no fanouts                     ;
+----------+--------+----------+---------------------------------------------------------------------------------------------------------------------------------------------------+


+--------------------------------------------------------------------------------------------------------------------+
; Port Connectivity Checks: "slc3:my_slc|reg_16:ST"                                                                  ;
+----------+--------+----------+-------------------------------------------------------------------------------------+
; Port     ; Type   ; Severity ; Details                                                                             ;
+----------+--------+----------+-------------------------------------------------------------------------------------+
; Data_In  ; Input  ; Info     ; Stuck at GND                                                                        ;
; Data_Out ; Output ; Info     ; Connected to dangling logic. Logic that only feeds a dangling port will be removed. ;
; Load_En  ; Input  ; Info     ; Stuck at GND                                                                        ;
+----------+--------+----------+-------------------------------------------------------------------------------------+


+-------------------------------------------------------------------------+
; Port Connectivity Checks: "slc3:my_slc|add_1:adder_PC|four_bit_ra:FRA3" ;
+------+--------+----------+----------------------------------------------+
; Port ; Type   ; Severity ; Details                                      ;
+------+--------+----------+----------------------------------------------+
; y    ; Input  ; Info     ; Stuck at GND                                 ;
; cout ; Output ; Info     ; Explicitly unconnected                       ;
+------+--------+----------+----------------------------------------------+


+-------------------------------------------------------------------------+
; Port Connectivity Checks: "slc3:my_slc|add_1:adder_PC|four_bit_ra:FRA2" ;
+------+-------+----------+-----------------------------------------------+
; Port ; Type  ; Severity ; Details                                       ;
+------+-------+----------+-----------------------------------------------+
; y    ; Input ; Info     ; Stuck at GND                                  ;
+------+-------+----------+-----------------------------------------------+


+-------------------------------------------------------------------------+
; Port Connectivity Checks: "slc3:my_slc|add_1:adder_PC|four_bit_ra:FRA1" ;
+------+-------+----------+-----------------------------------------------+
; Port ; Type  ; Severity ; Details                                       ;
+------+-------+----------+-----------------------------------------------+
; y    ; Input ; Info     ; Stuck at GND                                  ;
+------+-------+----------+-----------------------------------------------+


+-----------------------------------------------------------------------------------------------------------------------------------------------------------------------------------------------------------------+
; Port Connectivity Checks: "slc3:my_slc|add_1:adder_PC|four_bit_ra:FRA0"                                                                                                                                         ;
+---------+-------+----------+------------------------------------------------------------------------------------------------------------------------------------------------------------------------------------+
; Port    ; Type  ; Severity ; Details                                                                                                                                                                            ;
+---------+-------+----------+------------------------------------------------------------------------------------------------------------------------------------------------------------------------------------+
; y       ; Input ; Info     ; Stuck at GND                                                                                                                                                                       ;
; cin     ; Input ; Warning  ; Input port expression (32 bits) is wider than the input port (1 bits) it drives.  The 31 most-significant bit(s) in the expression will be dangling if they have no other fanouts. ;
; cin[-1] ; Input ; Info     ; Stuck at VCC                                                                                                                                                                       ;
+---------+-------+----------+------------------------------------------------------------------------------------------------------------------------------------------------------------------------------------+


+---------------------------------------------------------------------------------------------------------------------------------------------------------------------------+
; Port Connectivity Checks: "slc3:my_slc|add_1:adder_PC"                                                                                                                    ;
+------+--------+----------+------------------------------------------------------------------------------------------------------------------------------------------------+
; Port ; Type   ; Severity ; Details                                                                                                                                        ;
+------+--------+----------+------------------------------------------------------------------------------------------------------------------------------------------------+
; In   ; Input  ; Warning  ; Input port expression (16 bits) is smaller than the input port (17 bits) it drives.  Extra input bit(s) "In[16..16]" will be connected to GND. ;
; Out  ; Output ; Warning  ; Output or bidir port (17 bits) is wider than the port expression (16 bits) it drives; bit(s) "Out[16..16]" have no fanouts                     ;
+------+--------+----------+------------------------------------------------------------------------------------------------------------------------------------------------+


+-----------------------------------------------------+
; Post-Synthesis Netlist Statistics for Top Partition ;
+-----------------------+-----------------------------+
; Type                  ; Count                       ;
+-----------------------+-----------------------------+
; boundary_port         ; 193                         ;
; cycloneiii_ff         ; 106                         ;
;     ENA               ; 32                          ;
;     ENA SCLR          ; 31                          ;
;     SCLR              ; 1                           ;
;     plain             ; 42                          ;
; cycloneiii_io_obuf    ; 16                          ;
; cycloneiii_lcell_comb ; 127                         ;
;     normal            ; 127                         ;
;         0 data inputs ; 2                           ;
;         1 data inputs ; 4                           ;
;         2 data inputs ; 47                          ;
;         3 data inputs ; 25                          ;
;         4 data inputs ; 49                          ;
;                       ;                             ;
; Max LUT depth         ; 4.00                        ;
; Average LUT depth     ; 1.38                        ;
+-----------------------+-----------------------------+


+-------------------------------+
; Elapsed Time Per Partition    ;
+----------------+--------------+
; Partition Name ; Elapsed Time ;
+----------------+--------------+
; Top            ; 00:00:00     ;
+----------------+--------------+


+-------------------------------+
; Analysis & Synthesis Messages ;
+-------------------------------+
Info: *******************************************************************
Info: Running Quartus Prime Analysis & Synthesis
    Info: Version 18.0.0 Build 614 04/24/2018 SJ Lite Edition
    Info: Processing started: Tue Oct 09 19:08:44 2018
Info: Command: quartus_map --read_settings_files=on --write_settings_files=off lab6 -c lab6
Warning (18236): Number of processors has not been specified which may cause overloading on shared machines.  Set the global assignment NUM_PARALLEL_PROCESSORS in your QSF to an appropriate value for best performance.
Info (20030): Parallel compilation is enabled and will use 4 of the 4 processors detected
Info (12021): Found 1 design units, including 1 entities, in source file test_bench.sv
    Info (12023): Found entity 1: test_bench File: E:/kab 6 new/Updated_ECE385_lab6_provided_Spring_2018/test_bench.sv Line: 1
Info (12021): Found 1 design units, including 1 entities, in source file hexdriver.sv
    Info (12023): Found entity 1: HexDriver File: E:/kab 6 new/Updated_ECE385_lab6_provided_Spring_2018/HexDriver.sv Line: 1
Info (12021): Found 4 design units, including 4 entities, in source file ripple_adder.sv
    Info (12023): Found entity 1: add_1 File: E:/kab 6 new/Updated_ECE385_lab6_provided_Spring_2018/ripple_adder.sv Line: 1
    Info (12023): Found entity 2: ripple_adder File: E:/kab 6 new/Updated_ECE385_lab6_provided_Spring_2018/ripple_adder.sv Line: 20
    Info (12023): Found entity 3: four_bit_ra File: E:/kab 6 new/Updated_ECE385_lab6_provided_Spring_2018/ripple_adder.sv Line: 44
    Info (12023): Found entity 4: full_adder File: E:/kab 6 new/Updated_ECE385_lab6_provided_Spring_2018/ripple_adder.sv Line: 72
Info (12021): Found 1 design units, including 1 entities, in source file reg.sv
    Info (12023): Found entity 1: reg_16 File: E:/kab 6 new/Updated_ECE385_lab6_provided_Spring_2018/reg.sv Line: 1
Info (12021): Found 1 design units, including 1 entities, in source file tristate.sv
    Info (12023): Found entity 1: tristate File: E:/kab 6 new/Updated_ECE385_lab6_provided_Spring_2018/tristate.sv Line: 16
Info (12021): Found 1 design units, including 1 entities, in source file test_memory.sv
    Info (12023): Found entity 1: test_memory File: E:/kab 6 new/Updated_ECE385_lab6_provided_Spring_2018/test_memory.sv Line: 22
Info (12021): Found 1 design units, including 0 entities, in source file slc3_2.sv
    Info (12022): Found design unit 1: SLC3_2 (SystemVerilog) File: E:/kab 6 new/Updated_ECE385_lab6_provided_Spring_2018/SLC3_2.sv Line: 24
Warning (10275): Verilog HDL Module Instantiation warning at slc3.sv(92): ignored dangling comma in List of Port Connections File: E:/kab 6 new/Updated_ECE385_lab6_provided_Spring_2018/slc3.sv Line: 92
Info (12021): Found 1 design units, including 1 entities, in source file slc3.sv
    Info (12023): Found entity 1: slc3 File: E:/kab 6 new/Updated_ECE385_lab6_provided_Spring_2018/slc3.sv Line: 19
Info (12021): Found 1 design units, including 1 entities, in source file memory_contents.sv
    Info (12023): Found entity 1: memory_parser File: E:/kab 6 new/Updated_ECE385_lab6_provided_Spring_2018/memory_contents.sv Line: 16
Info (12021): Found 1 design units, including 1 entities, in source file mem2io.sv
    Info (12023): Found entity 1: Mem2IO File: E:/kab 6 new/Updated_ECE385_lab6_provided_Spring_2018/Mem2IO.sv Line: 16
Info (12021): Found 1 design units, including 1 entities, in source file lab6_toplevel.sv
    Info (12023): Found entity 1: lab6_toplevel File: E:/kab 6 new/Updated_ECE385_lab6_provided_Spring_2018/lab6_toplevel.sv Line: 10
Info (12021): Found 1 design units, including 1 entities, in source file isdu.sv
    Info (12023): Found entity 1: ISDU File: E:/kab 6 new/Updated_ECE385_lab6_provided_Spring_2018/ISDU.sv Line: 19
Info (12021): Found 1 design units, including 1 entities, in source file mux.sv
    Info (12023): Found entity 1: selector File: E:/kab 6 new/Updated_ECE385_lab6_provided_Spring_2018/mux.sv Line: 1
Info (12021): Found 1 design units, including 1 entities, in source file bitwise_andder.sv
    Info (12023): Found entity 1: bitwise_andder File: E:/kab 6 new/Updated_ECE385_lab6_provided_Spring_2018/bitwise_andder.sv Line: 1
Info (12021): Found 1 design units, including 1 entities, in source file calc.sv
    Info (12023): Found entity 1: calc File: E:/kab 6 new/Updated_ECE385_lab6_provided_Spring_2018/calc.sv Line: 1
Warning (10236): Verilog HDL Implicit Net warning at slc3.sv(77): created implicit net for "ST_Load_En" File: E:/kab 6 new/Updated_ECE385_lab6_provided_Spring_2018/slc3.sv Line: 77
Warning (10236): Verilog HDL Implicit Net warning at slc3.sv(97): created implicit net for "imm" File: E:/kab 6 new/Updated_ECE385_lab6_provided_Spring_2018/slc3.sv Line: 97
Info (12127): Elaborating entity "lab6_toplevel" for the top level hierarchy
Info (12128): Elaborating entity "slc3" for hierarchy "slc3:my_slc" File: E:/kab 6 new/Updated_ECE385_lab6_provided_Spring_2018/lab6_toplevel.sv Line: 20
Warning (10036): Verilog HDL or VHDL warning at slc3.sv(45): object "MIO_EN" assigned a value but never read File: E:/kab 6 new/Updated_ECE385_lab6_provided_Spring_2018/slc3.sv Line: 45
Warning (10230): Verilog HDL assignment warning at slc3.sv(97): truncated value with size 16 to match size of target (1) File: E:/kab 6 new/Updated_ECE385_lab6_provided_Spring_2018/slc3.sv Line: 97
Warning (10030): Net "ST_In" at slc3.sv(70) has no driver or initial value, using a default initial value '0' File: E:/kab 6 new/Updated_ECE385_lab6_provided_Spring_2018/slc3.sv Line: 70
Warning (10030): Net "ST_Load_En" at slc3.sv(77) has no driver or initial value, using a default initial value '0' File: E:/kab 6 new/Updated_ECE385_lab6_provided_Spring_2018/slc3.sv Line: 77
Warning (10030): Net "BEN" at slc3.sv(40) has no driver or initial value, using a default initial value '0' File: E:/kab 6 new/Updated_ECE385_lab6_provided_Spring_2018/slc3.sv Line: 40
Warning (10034): Output port "LED" at slc3.sv(22) has no driver File: E:/kab 6 new/Updated_ECE385_lab6_provided_Spring_2018/slc3.sv Line: 22
Info (12128): Elaborating entity "reg_16" for hierarchy "slc3:my_slc|reg_16:PC" File: E:/kab 6 new/Updated_ECE385_lab6_provided_Spring_2018/slc3.sv Line: 63
Info (12128): Elaborating entity "add_1" for hierarchy "slc3:my_slc|add_1:adder_PC" File: E:/kab 6 new/Updated_ECE385_lab6_provided_Spring_2018/slc3.sv Line: 64
Warning (10034): Output port "Out[16]" at ripple_adder.sv(5) has no driver File: E:/kab 6 new/Updated_ECE385_lab6_provided_Spring_2018/ripple_adder.sv Line: 5
Info (12128): Elaborating entity "four_bit_ra" for hierarchy "slc3:my_slc|add_1:adder_PC|four_bit_ra:FRA0" File: E:/kab 6 new/Updated_ECE385_lab6_provided_Spring_2018/ripple_adder.sv Line: 10
Info (12128): Elaborating entity "full_adder" for hierarchy "slc3:my_slc|add_1:adder_PC|four_bit_ra:FRA0|full_adder:fa0" File: E:/kab 6 new/Updated_ECE385_lab6_provided_Spring_2018/ripple_adder.sv Line: 59
Info (12128): Elaborating entity "selector" for hierarchy "slc3:my_slc|selector:s0" File: E:/kab 6 new/Updated_ECE385_lab6_provided_Spring_2018/slc3.sv Line: 112
Info (12128): Elaborating entity "calc" for hierarchy "slc3:my_slc|calc:r0" File: E:/kab 6 new/Updated_ECE385_lab6_provided_Spring_2018/slc3.sv Line: 136
Info (12128): Elaborating entity "Mem2IO" for hierarchy "slc3:my_slc|Mem2IO:memory_subsystem" File: E:/kab 6 new/Updated_ECE385_lab6_provided_Spring_2018/slc3.sv Line: 149
Info (12128): Elaborating entity "tristate" for hierarchy "slc3:my_slc|tristate:tr0" File: E:/kab 6 new/Updated_ECE385_lab6_provided_Spring_2018/slc3.sv Line: 154
Info (12128): Elaborating entity "ISDU" for hierarchy "slc3:my_slc|ISDU:state_controller" File: E:/kab 6 new/Updated_ECE385_lab6_provided_Spring_2018/slc3.sv Line: 162
Info (10264): Verilog HDL Case Statement information at ISDU.sv(124): all case item expressions in this case statement are onehot File: E:/kab 6 new/Updated_ECE385_lab6_provided_Spring_2018/ISDU.sv Line: 124
Info (10264): Verilog HDL Case Statement information at ISDU.sv(175): all case item expressions in this case statement are onehot File: E:/kab 6 new/Updated_ECE385_lab6_provided_Spring_2018/ISDU.sv Line: 175
Warning (10034): Output port "INC_PC_En" at ISDU.sv(37) has no driver File: E:/kab 6 new/Updated_ECE385_lab6_provided_Spring_2018/ISDU.sv Line: 37
Info (12128): Elaborating entity "HexDriver" for hierarchy "slc3:my_slc|HexDriver:hex_driver3" File: E:/kab 6 new/Updated_ECE385_lab6_provided_Spring_2018/slc3.sv Line: 172
Info (12128): Elaborating entity "test_memory" for hierarchy "test_memory:my_test_memory" File: E:/kab 6 new/Updated_ECE385_lab6_provided_Spring_2018/lab6_toplevel.sv Line: 27
Warning (10036): Verilog HDL or VHDL warning at test_memory.sv(42): object "actual_address" assigned a value but never read File: E:/kab 6 new/Updated_ECE385_lab6_provided_Spring_2018/test_memory.sv Line: 42
Info (12128): Elaborating entity "memory_parser" for hierarchy "test_memory:my_test_memory|memory_parser:parser" File: E:/kab 6 new/Updated_ECE385_lab6_provided_Spring_2018/test_memory.sv Line: 48
Warning (12241): 11 hierarchies have connectivity warnings - see the Connectivity Checks report folder
Warning (13008): TRI or OPNDRN buffers permanently disabled
    Warning (13010): Node "slc3:my_slc|tristate:tr0|Data[0]~synth" File: E:/kab 6 new/Updated_ECE385_lab6_provided_Spring_2018/tristate.sv Line: 22
    Warning (13010): Node "slc3:my_slc|tristate:tr0|Data[1]~synth" File: E:/kab 6 new/Updated_ECE385_lab6_provided_Spring_2018/tristate.sv Line: 22
    Warning (13010): Node "slc3:my_slc|tristate:tr0|Data[2]~synth" File: E:/kab 6 new/Updated_ECE385_lab6_provided_Spring_2018/tristate.sv Line: 22
    Warning (13010): Node "slc3:my_slc|tristate:tr0|Data[3]~synth" File: E:/kab 6 new/Updated_ECE385_lab6_provided_Spring_2018/tristate.sv Line: 22
    Warning (13010): Node "slc3:my_slc|tristate:tr0|Data[4]~synth" File: E:/kab 6 new/Updated_ECE385_lab6_provided_Spring_2018/tristate.sv Line: 22
    Warning (13010): Node "slc3:my_slc|tristate:tr0|Data[5]~synth" File: E:/kab 6 new/Updated_ECE385_lab6_provided_Spring_2018/tristate.sv Line: 22
    Warning (13010): Node "slc3:my_slc|tristate:tr0|Data[6]~synth" File: E:/kab 6 new/Updated_ECE385_lab6_provided_Spring_2018/tristate.sv Line: 22
    Warning (13010): Node "slc3:my_slc|tristate:tr0|Data[7]~synth" File: E:/kab 6 new/Updated_ECE385_lab6_provided_Spring_2018/tristate.sv Line: 22
    Warning (13010): Node "slc3:my_slc|tristate:tr0|Data[8]~synth" File: E:/kab 6 new/Updated_ECE385_lab6_provided_Spring_2018/tristate.sv Line: 22
    Warning (13010): Node "slc3:my_slc|tristate:tr0|Data[9]~synth" File: E:/kab 6 new/Updated_ECE385_lab6_provided_Spring_2018/tristate.sv Line: 22
    Warning (13010): Node "slc3:my_slc|tristate:tr0|Data[10]~synth" File: E:/kab 6 new/Updated_ECE385_lab6_provided_Spring_2018/tristate.sv Line: 22
    Warning (13010): Node "slc3:my_slc|tristate:tr0|Data[11]~synth" File: E:/kab 6 new/Updated_ECE385_lab6_provided_Spring_2018/tristate.sv Line: 22
    Warning (13010): Node "slc3:my_slc|tristate:tr0|Data[12]~synth" File: E:/kab 6 new/Updated_ECE385_lab6_provided_Spring_2018/tristate.sv Line: 22
    Warning (13010): Node "slc3:my_slc|tristate:tr0|Data[13]~synth" File: E:/kab 6 new/Updated_ECE385_lab6_provided_Spring_2018/tristate.sv Line: 22
    Warning (13010): Node "slc3:my_slc|tristate:tr0|Data[14]~synth" File: E:/kab 6 new/Updated_ECE385_lab6_provided_Spring_2018/tristate.sv Line: 22
    Warning (13010): Node "slc3:my_slc|tristate:tr0|Data[15]~synth" File: E:/kab 6 new/Updated_ECE385_lab6_provided_Spring_2018/tristate.sv Line: 22
Warning (13024): Output pins are stuck at VCC or GND
    Warning (13410): Pin "LED[0]" is stuck at GND File: E:/kab 6 new/Updated_ECE385_lab6_provided_Spring_2018/lab6_toplevel.sv Line: 12
    Warning (13410): Pin "LED[1]" is stuck at GND File: E:/kab 6 new/Updated_ECE385_lab6_provided_Spring_2018/lab6_toplevel.sv Line: 12
    Warning (13410): Pin "LED[2]" is stuck at GND File: E:/kab 6 new/Updated_ECE385_lab6_provided_Spring_2018/lab6_toplevel.sv Line: 12
    Warning (13410): Pin "LED[3]" is stuck at GND File: E:/kab 6 new/Updated_ECE385_lab6_provided_Spring_2018/lab6_toplevel.sv Line: 12
    Warning (13410): Pin "LED[4]" is stuck at GND File: E:/kab 6 new/Updated_ECE385_lab6_provided_Spring_2018/lab6_toplevel.sv Line: 12
    Warning (13410): Pin "LED[5]" is stuck at GND File: E:/kab 6 new/Updated_ECE385_lab6_provided_Spring_2018/lab6_toplevel.sv Line: 12
    Warning (13410): Pin "LED[6]" is stuck at GND File: E:/kab 6 new/Updated_ECE385_lab6_provided_Spring_2018/lab6_toplevel.sv Line: 12
    Warning (13410): Pin "LED[7]" is stuck at GND File: E:/kab 6 new/Updated_ECE385_lab6_provided_Spring_2018/lab6_toplevel.sv Line: 12
    Warning (13410): Pin "LED[8]" is stuck at GND File: E:/kab 6 new/Updated_ECE385_lab6_provided_Spring_2018/lab6_toplevel.sv Line: 12
    Warning (13410): Pin "LED[9]" is stuck at GND File: E:/kab 6 new/Updated_ECE385_lab6_provided_Spring_2018/lab6_toplevel.sv Line: 12
    Warning (13410): Pin "LED[10]" is stuck at GND File: E:/kab 6 new/Updated_ECE385_lab6_provided_Spring_2018/lab6_toplevel.sv Line: 12
    Warning (13410): Pin "LED[11]" is stuck at GND File: E:/kab 6 new/Updated_ECE385_lab6_provided_Spring_2018/lab6_toplevel.sv Line: 12
    Warning (13410): Pin "HEX0[0]" is stuck at GND File: E:/kab 6 new/Updated_ECE385_lab6_provided_Spring_2018/lab6_toplevel.sv Line: 13
    Warning (13410): Pin "HEX0[1]" is stuck at GND File: E:/kab 6 new/Updated_ECE385_lab6_provided_Spring_2018/lab6_toplevel.sv Line: 13
    Warning (13410): Pin "HEX0[2]" is stuck at GND File: E:/kab 6 new/Updated_ECE385_lab6_provided_Spring_2018/lab6_toplevel.sv Line: 13
    Warning (13410): Pin "HEX0[3]" is stuck at GND File: E:/kab 6 new/Updated_ECE385_lab6_provided_Spring_2018/lab6_toplevel.sv Line: 13
    Warning (13410): Pin "HEX0[4]" is stuck at GND File: E:/kab 6 new/Updated_ECE385_lab6_provided_Spring_2018/lab6_toplevel.sv Line: 13
    Warning (13410): Pin "HEX0[5]" is stuck at GND File: E:/kab 6 new/Updated_ECE385_lab6_provided_Spring_2018/lab6_toplevel.sv Line: 13
    Warning (13410): Pin "HEX0[6]" is stuck at VCC File: E:/kab 6 new/Updated_ECE385_lab6_provided_Spring_2018/lab6_toplevel.sv Line: 13
    Warning (13410): Pin "HEX1[0]" is stuck at GND File: E:/kab 6 new/Updated_ECE385_lab6_provided_Spring_2018/lab6_toplevel.sv Line: 13
    Warning (13410): Pin "HEX1[1]" is stuck at GND File: E:/kab 6 new/Updated_ECE385_lab6_provided_Spring_2018/lab6_toplevel.sv Line: 13
    Warning (13410): Pin "HEX1[2]" is stuck at GND File: E:/kab 6 new/Updated_ECE385_lab6_provided_Spring_2018/lab6_toplevel.sv Line: 13
    Warning (13410): Pin "HEX1[3]" is stuck at GND File: E:/kab 6 new/Updated_ECE385_lab6_provided_Spring_2018/lab6_toplevel.sv Line: 13
    Warning (13410): Pin "HEX1[4]" is stuck at GND File: E:/kab 6 new/Updated_ECE385_lab6_provided_Spring_2018/lab6_toplevel.sv Line: 13
    Warning (13410): Pin "HEX1[5]" is stuck at GND File: E:/kab 6 new/Updated_ECE385_lab6_provided_Spring_2018/lab6_toplevel.sv Line: 13
    Warning (13410): Pin "HEX1[6]" is stuck at VCC File: E:/kab 6 new/Updated_ECE385_lab6_provided_Spring_2018/lab6_toplevel.sv Line: 13
    Warning (13410): Pin "HEX2[0]" is stuck at GND File: E:/kab 6 new/Updated_ECE385_lab6_provided_Spring_2018/lab6_toplevel.sv Line: 13
    Warning (13410): Pin "HEX2[1]" is stuck at GND File: E:/kab 6 new/Updated_ECE385_lab6_provided_Spring_2018/lab6_toplevel.sv Line: 13
    Warning (13410): Pin "HEX2[2]" is stuck at GND File: E:/kab 6 new/Updated_ECE385_lab6_provided_Spring_2018/lab6_toplevel.sv Line: 13
    Warning (13410): Pin "HEX2[3]" is stuck at GND File: E:/kab 6 new/Updated_ECE385_lab6_provided_Spring_2018/lab6_toplevel.sv Line: 13
    Warning (13410): Pin "HEX2[4]" is stuck at GND File: E:/kab 6 new/Updated_ECE385_lab6_provided_Spring_2018/lab6_toplevel.sv Line: 13
    Warning (13410): Pin "HEX2[5]" is stuck at GND File: E:/kab 6 new/Updated_ECE385_lab6_provided_Spring_2018/lab6_toplevel.sv Line: 13
    Warning (13410): Pin "HEX2[6]" is stuck at VCC File: E:/kab 6 new/Updated_ECE385_lab6_provided_Spring_2018/lab6_toplevel.sv Line: 13
    Warning (13410): Pin "HEX3[0]" is stuck at GND File: E:/kab 6 new/Updated_ECE385_lab6_provided_Spring_2018/lab6_toplevel.sv Line: 13
    Warning (13410): Pin "HEX3[1]" is stuck at GND File: E:/kab 6 new/Updated_ECE385_lab6_provided_Spring_2018/lab6_toplevel.sv Line: 13
    Warning (13410): Pin "HEX3[2]" is stuck at GND File: E:/kab 6 new/Updated_ECE385_lab6_provided_Spring_2018/lab6_toplevel.sv Line: 13
    Warning (13410): Pin "HEX3[3]" is stuck at GND File: E:/kab 6 new/Updated_ECE385_lab6_provided_Spring_2018/lab6_toplevel.sv Line: 13
    Warning (13410): Pin "HEX3[4]" is stuck at GND File: E:/kab 6 new/Updated_ECE385_lab6_provided_Spring_2018/lab6_toplevel.sv Line: 13
    Warning (13410): Pin "HEX3[5]" is stuck at GND File: E:/kab 6 new/Updated_ECE385_lab6_provided_Spring_2018/lab6_toplevel.sv Line: 13
    Warning (13410): Pin "HEX3[6]" is stuck at VCC File: E:/kab 6 new/Updated_ECE385_lab6_provided_Spring_2018/lab6_toplevel.sv Line: 13
    Warning (13410): Pin "CE" is stuck at GND File: E:/kab 6 new/Updated_ECE385_lab6_provided_Spring_2018/lab6_toplevel.sv Line: 14
    Warning (13410): Pin "UB" is stuck at GND File: E:/kab 6 new/Updated_ECE385_lab6_provided_Spring_2018/lab6_toplevel.sv Line: 14
    Warning (13410): Pin "LB" is stuck at GND File: E:/kab 6 new/Updated_ECE385_lab6_provided_Spring_2018/lab6_toplevel.sv Line: 14
    Warning (13410): Pin "WE" is stuck at VCC File: E:/kab 6 new/Updated_ECE385_lab6_provided_Spring_2018/lab6_toplevel.sv Line: 14
    Warning (13410): Pin "ADDR[16]" is stuck at GND File: E:/kab 6 new/Updated_ECE385_lab6_provided_Spring_2018/lab6_toplevel.sv Line: 15
    Warning (13410): Pin "ADDR[17]" is stuck at GND File: E:/kab 6 new/Updated_ECE385_lab6_provided_Spring_2018/lab6_toplevel.sv Line: 15
    Warning (13410): Pin "ADDR[18]" is stuck at GND File: E:/kab 6 new/Updated_ECE385_lab6_provided_Spring_2018/lab6_toplevel.sv Line: 15
    Warning (13410): Pin "ADDR[19]" is stuck at GND File: E:/kab 6 new/Updated_ECE385_lab6_provided_Spring_2018/lab6_toplevel.sv Line: 15
Info (286030): Timing-Driven Synthesis is running
Info (17049): 13 registers lost all their fanouts during netlist optimizations.
Info (16010): Generating hard_block partition "hard_block:auto_generated_inst"
    Info (16011): Adding 0 node(s), including 0 DDIO, 0 PLL, 0 transceiver and 0 LCELL
Info (21057): Implemented 346 device resources after synthesis - the final resource count might be different
    Info (21058): Implemented 20 input pins
    Info (21059): Implemented 157 output pins
    Info (21060): Implemented 16 bidirectional pins
    Info (21061): Implemented 153 logic cells
Info: Quartus Prime Analysis & Synthesis was successful. 0 errors, 80 warnings
    Info: Peak virtual memory: 637 megabytes
    Info: Processing ended: Tue Oct 09 19:08:58 2018
    Info: Elapsed time: 00:00:14
    Info: Total CPU time (on all processors): 00:00:25


