Analysis & Synthesis report for main
Wed Oct 03 02:48:05 2018
Quartus Prime Version 18.0.0 Build 614 04/24/2018 SJ Lite Edition


---------------------
; Table of Contents ;
---------------------
  1. Legal Notice
  2. Analysis & Synthesis Summary
  3. Analysis & Synthesis Settings
  4. Parallel Compilation
  5. Analysis & Synthesis Source Files Read
  6. Analysis & Synthesis Resource Usage Summary
  7. Analysis & Synthesis Resource Utilization by Entity
  8. State Machine - |main|control:c0|curr_state
  9. Registers Removed During Synthesis
 10. General Register Statistics
 11. Port Connectivity Checks: "reg_16:ST"
 12. Port Connectivity Checks: "reg_16:MDR"
 13. Port Connectivity Checks: "reg_16:MAR"
 14. Port Connectivity Checks: "reg_16:IR"
 15. Port Connectivity Checks: "reg_16:PC"
 16. Post-Synthesis Netlist Statistics for Top Partition
 17. Elapsed Time Per Partition
 18. Analysis & Synthesis Messages



----------------
; Legal Notice ;
----------------
Copyright (C) 2018  Intel Corporation. All rights reserved.
Your use of Intel Corporation's design tools, logic functions 
and other software and tools, and its AMPP partner logic 
functions, and any output files from any of the foregoing 
(including device programming or simulation files), and any 
associated documentation or information are expressly subject 
to the terms and conditions of the Intel Program License 
Subscription Agreement, the Intel Quartus Prime License Agreement,
the Intel FPGA IP License Agreement, or other applicable license
agreement, including, without limitation, that your use is for
the sole purpose of programming logic devices manufactured by
Intel and sold by Intel or its authorized distributors.  Please
refer to the applicable agreement for further details.



+----------------------------------------------------------------------------------+
; Analysis & Synthesis Summary                                                     ;
+------------------------------------+---------------------------------------------+
; Analysis & Synthesis Status        ; Successful - Wed Oct 03 02:48:05 2018       ;
; Quartus Prime Version              ; 18.0.0 Build 614 04/24/2018 SJ Lite Edition ;
; Revision Name                      ; main                                        ;
; Top-level Entity Name              ; main                                        ;
; Family                             ; Cyclone IV E                                ;
; Total logic elements               ; 3                                           ;
;     Total combinational functions  ; 3                                           ;
;     Dedicated logic registers      ; 3                                           ;
; Total registers                    ; 3                                           ;
; Total pins                         ; 113                                         ;
; Total virtual pins                 ; 0                                           ;
; Total memory bits                  ; 0                                           ;
; Embedded Multiplier 9-bit elements ; 0                                           ;
; Total PLLs                         ; 0                                           ;
+------------------------------------+---------------------------------------------+


+------------------------------------------------------------------------------------------------------------+
; Analysis & Synthesis Settings                                                                              ;
+------------------------------------------------------------------+--------------------+--------------------+
; Option                                                           ; Setting            ; Default Value      ;
+------------------------------------------------------------------+--------------------+--------------------+
; Top-level entity name                                            ; main               ; main               ;
; Family name                                                      ; Cyclone IV E       ; Cyclone V          ;
; Use smart compilation                                            ; Off                ; Off                ;
; Enable parallel Assembler and Timing Analyzer during compilation ; On                 ; On                 ;
; Enable compact report table                                      ; Off                ; Off                ;
; Restructure Multiplexers                                         ; Auto               ; Auto               ;
; Create Debugging Nodes for IP Cores                              ; Off                ; Off                ;
; Preserve fewer node names                                        ; On                 ; On                 ;
; Intel FPGA IP Evaluation Mode                                    ; Enable             ; Enable             ;
; Verilog Version                                                  ; Verilog_2001       ; Verilog_2001       ;
; VHDL Version                                                     ; VHDL_1993          ; VHDL_1993          ;
; State Machine Processing                                         ; Auto               ; Auto               ;
; Safe State Machine                                               ; Off                ; Off                ;
; Extract Verilog State Machines                                   ; On                 ; On                 ;
; Extract VHDL State Machines                                      ; On                 ; On                 ;
; Ignore Verilog initial constructs                                ; Off                ; Off                ;
; Iteration limit for constant Verilog loops                       ; 5000               ; 5000               ;
; Iteration limit for non-constant Verilog loops                   ; 250                ; 250                ;
; Add Pass-Through Logic to Inferred RAMs                          ; On                 ; On                 ;
; Infer RAMs from Raw Logic                                        ; On                 ; On                 ;
; Parallel Synthesis                                               ; On                 ; On                 ;
; DSP Block Balancing                                              ; Auto               ; Auto               ;
; NOT Gate Push-Back                                               ; On                 ; On                 ;
; Power-Up Don't Care                                              ; On                 ; On                 ;
; Remove Redundant Logic Cells                                     ; Off                ; Off                ;
; Remove Duplicate Registers                                       ; On                 ; On                 ;
; Ignore CARRY Buffers                                             ; Off                ; Off                ;
; Ignore CASCADE Buffers                                           ; Off                ; Off                ;
; Ignore GLOBAL Buffers                                            ; Off                ; Off                ;
; Ignore ROW GLOBAL Buffers                                        ; Off                ; Off                ;
; Ignore LCELL Buffers                                             ; Off                ; Off                ;
; Ignore SOFT Buffers                                              ; On                 ; On                 ;
; Limit AHDL Integers to 32 Bits                                   ; Off                ; Off                ;
; Optimization Technique                                           ; Balanced           ; Balanced           ;
; Carry Chain Length                                               ; 70                 ; 70                 ;
; Auto Carry Chains                                                ; On                 ; On                 ;
; Auto Open-Drain Pins                                             ; On                 ; On                 ;
; Perform WYSIWYG Primitive Resynthesis                            ; Off                ; Off                ;
; Auto ROM Replacement                                             ; On                 ; On                 ;
; Auto RAM Replacement                                             ; On                 ; On                 ;
; Auto DSP Block Replacement                                       ; On                 ; On                 ;
; Auto Shift Register Replacement                                  ; Auto               ; Auto               ;
; Allow Shift Register Merging across Hierarchies                  ; Auto               ; Auto               ;
; Auto Clock Enable Replacement                                    ; On                 ; On                 ;
; Strict RAM Replacement                                           ; Off                ; Off                ;
; Allow Synchronous Control Signals                                ; On                 ; On                 ;
; Force Use of Synchronous Clear Signals                           ; Off                ; Off                ;
; Auto RAM Block Balancing                                         ; On                 ; On                 ;
; Auto RAM to Logic Cell Conversion                                ; Off                ; Off                ;
; Auto Resource Sharing                                            ; Off                ; Off                ;
; Allow Any RAM Size For Recognition                               ; Off                ; Off                ;
; Allow Any ROM Size For Recognition                               ; Off                ; Off                ;
; Allow Any Shift Register Size For Recognition                    ; Off                ; Off                ;
; Use LogicLock Constraints during Resource Balancing              ; On                 ; On                 ;
; Ignore translate_off and synthesis_off directives                ; Off                ; Off                ;
; Timing-Driven Synthesis                                          ; On                 ; On                 ;
; Report Parameter Settings                                        ; On                 ; On                 ;
; Report Source Assignments                                        ; On                 ; On                 ;
; Report Connectivity Checks                                       ; On                 ; On                 ;
; Ignore Maximum Fan-Out Assignments                               ; Off                ; Off                ;
; Synchronization Register Chain Length                            ; 2                  ; 2                  ;
; Power Optimization During Synthesis                              ; Normal compilation ; Normal compilation ;
; HDL message level                                                ; Level2             ; Level2             ;
; Suppress Register Optimization Related Messages                  ; Off                ; Off                ;
; Number of Removed Registers Reported in Synthesis Report         ; 5000               ; 5000               ;
; Number of Swept Nodes Reported in Synthesis Report               ; 5000               ; 5000               ;
; Number of Inverted Registers Reported in Synthesis Report        ; 100                ; 100                ;
; Clock MUX Protection                                             ; On                 ; On                 ;
; Auto Gated Clock Conversion                                      ; Off                ; Off                ;
; Block Design Naming                                              ; Auto               ; Auto               ;
; SDC constraint protection                                        ; Off                ; Off                ;
; Synthesis Effort                                                 ; Auto               ; Auto               ;
; Shift Register Replacement - Allow Asynchronous Clear Signal     ; On                 ; On                 ;
; Pre-Mapping Resynthesis Optimization                             ; Off                ; Off                ;
; Analysis & Synthesis Message Level                               ; Medium             ; Medium             ;
; Disable Register Merging Across Hierarchies                      ; Auto               ; Auto               ;
; Resource Aware Inference For Block RAM                           ; On                 ; On                 ;
+------------------------------------------------------------------+--------------------+--------------------+


+------------------------------------------+
; Parallel Compilation                     ;
+----------------------------+-------------+
; Processors                 ; Number      ;
+----------------------------+-------------+
; Number detected on machine ; 4           ;
; Maximum allowed            ; 4           ;
;                            ;             ;
; Average used               ; 1.00        ;
; Maximum used               ; 4           ;
;                            ;             ;
; Usage by Processor         ; % Time Used ;
;     Processor 1            ; 100.0%      ;
;     Processors 2-4         ;   0.0%      ;
+----------------------------+-------------+


+-------------------------------------------------------------------------------------------------------------------------------------------------------------+
; Analysis & Synthesis Source Files Read                                                                                                                      ;
+----------------------------------+-----------------+------------------------------+---------------------------------------------------------------+---------+
; File Name with User-Entered Path ; Used in Netlist ; File Type                    ; File Name with Absolute Path                                  ; Library ;
+----------------------------------+-----------------+------------------------------+---------------------------------------------------------------+---------+
; reg.sv                           ; yes             ; User SystemVerilog HDL File  ; C:/Users/Birdie Woods/Documents/GitHub/ece385-lab6/reg.sv     ;         ;
; mem.sv                           ; yes             ; User SystemVerilog HDL File  ; C:/Users/Birdie Woods/Documents/GitHub/ece385-lab6/mem.sv     ;         ;
; main.sv                          ; yes             ; User SystemVerilog HDL File  ; C:/Users/Birdie Woods/Documents/GitHub/ece385-lab6/main.sv    ;         ;
; control.sv                       ; yes             ; User SystemVerilog HDL File  ; C:/Users/Birdie Woods/Documents/GitHub/ece385-lab6/control.sv ;         ;
+----------------------------------+-----------------+------------------------------+---------------------------------------------------------------+---------+


+---------------------------------------------------------------------------+
; Analysis & Synthesis Resource Usage Summary                               ;
+---------------------------------------------+-----------------------------+
; Resource                                    ; Usage                       ;
+---------------------------------------------+-----------------------------+
; Estimated Total logic elements              ; 3                           ;
;                                             ;                             ;
; Total combinational functions               ; 3                           ;
; Logic element usage by number of LUT inputs ;                             ;
;     -- 4 input functions                    ; 1                           ;
;     -- 3 input functions                    ; 1                           ;
;     -- <=2 input functions                  ; 1                           ;
;                                             ;                             ;
; Logic elements by mode                      ;                             ;
;     -- normal mode                          ; 3                           ;
;     -- arithmetic mode                      ; 0                           ;
;                                             ;                             ;
; Total registers                             ; 3                           ;
;     -- Dedicated logic registers            ; 3                           ;
;     -- I/O registers                        ; 0                           ;
;                                             ;                             ;
; I/O pins                                    ; 113                         ;
;                                             ;                             ;
; Embedded Multiplier 9-bit elements          ; 0                           ;
;                                             ;                             ;
; Maximum fan-out node                        ; control:c0|curr_state.FETCH ;
; Maximum fan-out                             ; 5                           ;
; Total fan-out                               ; 132                         ;
; Average fan-out                             ; 0.57                        ;
+---------------------------------------------+-----------------------------+


+----------------------------------------------------------------------------------------------------------------------------------------------------------------------------------------------------------+
; Analysis & Synthesis Resource Utilization by Entity                                                                                                                                                      ;
+----------------------------+---------------------+---------------------------+-------------+--------------+---------+-----------+------+--------------+---------------------+-------------+--------------+
; Compilation Hierarchy Node ; Combinational ALUTs ; Dedicated Logic Registers ; Memory Bits ; DSP Elements ; DSP 9x9 ; DSP 18x18 ; Pins ; Virtual Pins ; Full Hierarchy Name ; Entity Name ; Library Name ;
+----------------------------+---------------------+---------------------------+-------------+--------------+---------+-----------+------+--------------+---------------------+-------------+--------------+
; |main                      ; 3 (0)               ; 3 (0)                     ; 0           ; 0            ; 0       ; 0         ; 113  ; 0            ; |main               ; main        ; work         ;
;    |control:c0|            ; 3 (3)               ; 3 (3)                     ; 0           ; 0            ; 0       ; 0         ; 0    ; 0            ; |main|control:c0    ; control     ; work         ;
+----------------------------+---------------------+---------------------------+-------------+--------------+---------+-----------+------+--------------+---------------------+-------------+--------------+
Note: For table entries with two numbers listed, the numbers in parentheses indicate the number of resources of the given type used by the specific entity alone. The numbers listed outside of parentheses indicate the total resources of the given type used by the specific entity and all of its sub-entities in the hierarchy.


Encoding Type:  One-Hot
+-------------------------------------------------------------------------+
; State Machine - |main|control:c0|curr_state                             ;
+------------------+-----------------+-----------------+------------------+
; Name             ; curr_state.REST ; curr_state.DONE ; curr_state.FETCH ;
+------------------+-----------------+-----------------+------------------+
; curr_state.REST  ; 0               ; 0               ; 0                ;
; curr_state.FETCH ; 1               ; 0               ; 1                ;
; curr_state.DONE  ; 1               ; 1               ; 0                ;
+------------------+-----------------+-----------------+------------------+


+---------------------------------------------------------------------------------+
; Registers Removed During Synthesis                                              ;
+----------------------------------------+----------------------------------------+
; Register name                          ; Reason for Removal                     ;
+----------------------------------------+----------------------------------------+
; reg_16:MAR|Data_Out[0..15]             ; Stuck at GND due to stuck port data_in ;
; control:c0|curr_state~3                ; Lost fanout                            ;
; control:c0|curr_state~5                ; Lost fanout                            ;
; control:c0|curr_state~6                ; Lost fanout                            ;
; Total Number of Removed Registers = 19 ;                                        ;
+----------------------------------------+----------------------------------------+


+------------------------------------------------------+
; General Register Statistics                          ;
+----------------------------------------------+-------+
; Statistic                                    ; Value ;
+----------------------------------------------+-------+
; Total registers                              ; 3     ;
; Number of registers using Synchronous Clear  ; 0     ;
; Number of registers using Synchronous Load   ; 0     ;
; Number of registers using Asynchronous Clear ; 0     ;
; Number of registers using Asynchronous Load  ; 0     ;
; Number of registers using Clock Enable       ; 0     ;
; Number of registers using Preset             ; 0     ;
+----------------------------------------------+-------+


+--------------------------------------------------------------------------------------------------------------------+
; Port Connectivity Checks: "reg_16:ST"                                                                              ;
+----------+--------+----------+-------------------------------------------------------------------------------------+
; Port     ; Type   ; Severity ; Details                                                                             ;
+----------+--------+----------+-------------------------------------------------------------------------------------+
; Data_In  ; Input  ; Info     ; Stuck at GND                                                                        ;
; Data_Out ; Output ; Info     ; Connected to dangling logic. Logic that only feeds a dangling port will be removed. ;
; Load_En  ; Input  ; Info     ; Stuck at GND                                                                        ;
+----------+--------+----------+-------------------------------------------------------------------------------------+


+--------------------------------------------------------------------------------------------------------------------+
; Port Connectivity Checks: "reg_16:MDR"                                                                             ;
+----------+--------+----------+-------------------------------------------------------------------------------------+
; Port     ; Type   ; Severity ; Details                                                                             ;
+----------+--------+----------+-------------------------------------------------------------------------------------+
; Data_In  ; Input  ; Info     ; Stuck at GND                                                                        ;
; Data_Out ; Output ; Info     ; Connected to dangling logic. Logic that only feeds a dangling port will be removed. ;
; Load_En  ; Input  ; Info     ; Stuck at GND                                                                        ;
+----------+--------+----------+-------------------------------------------------------------------------------------+


+-------------------------------------------+
; Port Connectivity Checks: "reg_16:MAR"    ;
+---------+-------+----------+--------------+
; Port    ; Type  ; Severity ; Details      ;
+---------+-------+----------+--------------+
; Data_In ; Input ; Info     ; Stuck at GND ;
; Load_En ; Input ; Info     ; Stuck at GND ;
+---------+-------+----------+--------------+


+--------------------------------------------------------------------------------------------------------------------+
; Port Connectivity Checks: "reg_16:IR"                                                                              ;
+----------+--------+----------+-------------------------------------------------------------------------------------+
; Port     ; Type   ; Severity ; Details                                                                             ;
+----------+--------+----------+-------------------------------------------------------------------------------------+
; Data_In  ; Input  ; Info     ; Stuck at GND                                                                        ;
; Data_Out ; Output ; Info     ; Connected to dangling logic. Logic that only feeds a dangling port will be removed. ;
; Load_En  ; Input  ; Info     ; Stuck at GND                                                                        ;
+----------+--------+----------+-------------------------------------------------------------------------------------+


+--------------------------------------------------------------------------------------------------------------------+
; Port Connectivity Checks: "reg_16:PC"                                                                              ;
+----------+--------+----------+-------------------------------------------------------------------------------------+
; Port     ; Type   ; Severity ; Details                                                                             ;
+----------+--------+----------+-------------------------------------------------------------------------------------+
; Data_In  ; Input  ; Info     ; Stuck at GND                                                                        ;
; Data_Out ; Output ; Info     ; Connected to dangling logic. Logic that only feeds a dangling port will be removed. ;
; Load_En  ; Input  ; Info     ; Stuck at GND                                                                        ;
+----------+--------+----------+-------------------------------------------------------------------------------------+


+-----------------------------------------------------+
; Post-Synthesis Netlist Statistics for Top Partition ;
+-----------------------+-----------------------------+
; Type                  ; Count                       ;
+-----------------------+-----------------------------+
; boundary_port         ; 113                         ;
; cycloneiii_ff         ; 3                           ;
;     plain             ; 3                           ;
; cycloneiii_lcell_comb ; 6                           ;
;     normal            ; 6                           ;
;         0 data inputs ; 2                           ;
;         1 data inputs ; 1                           ;
;         2 data inputs ; 1                           ;
;         3 data inputs ; 1                           ;
;         4 data inputs ; 1                           ;
;                       ;                             ;
; Max LUT depth         ; 1.00                        ;
; Average LUT depth     ; 0.75                        ;
+-----------------------+-----------------------------+


+-------------------------------+
; Elapsed Time Per Partition    ;
+----------------+--------------+
; Partition Name ; Elapsed Time ;
+----------------+--------------+
; Top            ; 00:00:01     ;
+----------------+--------------+


+-------------------------------+
; Analysis & Synthesis Messages ;
+-------------------------------+
Info: *******************************************************************
Info: Running Quartus Prime Analysis & Synthesis
    Info: Version 18.0.0 Build 614 04/24/2018 SJ Lite Edition
    Info: Processing started: Wed Oct 03 02:47:49 2018
Info: Command: quartus_map --read_settings_files=on --write_settings_files=off ece385-lab6 -c main
Warning (18236): Number of processors has not been specified which may cause overloading on shared machines.  Set the global assignment NUM_PARALLEL_PROCESSORS in your QSF to an appropriate value for best performance.
Info (20030): Parallel compilation is enabled and will use 4 of the 4 processors detected
Info (12021): Found 1 design units, including 1 entities, in source file testbench_8.sv
    Info (12023): Found entity 1: testbench_8 File: C:/Users/Birdie Woods/Documents/GitHub/ece385-lab6/testbench_8.sv Line: 1
Info (12021): Found 3 design units, including 3 entities, in source file ripple_adder.sv
    Info (12023): Found entity 1: ripple_adder File: C:/Users/Birdie Woods/Documents/GitHub/ece385-lab6/ripple_adder.sv Line: 1
    Info (12023): Found entity 2: four_bit_ra File: C:/Users/Birdie Woods/Documents/GitHub/ece385-lab6/ripple_adder.sv Line: 30
    Info (12023): Found entity 3: full_adder File: C:/Users/Birdie Woods/Documents/GitHub/ece385-lab6/ripple_adder.sv Line: 58
Info (12021): Found 1 design units, including 1 entities, in source file reg.sv
    Info (12023): Found entity 1: reg_16 File: C:/Users/Birdie Woods/Documents/GitHub/ece385-lab6/reg.sv Line: 1
Info (12021): Found 1 design units, including 1 entities, in source file mem.sv
    Info (12023): Found entity 1: mem File: C:/Users/Birdie Woods/Documents/GitHub/ece385-lab6/mem.sv Line: 1
Warning (10275): Verilog HDL Module Instantiation warning at main.sv(43): ignored dangling comma in List of Port Connections File: C:/Users/Birdie Woods/Documents/GitHub/ece385-lab6/main.sv Line: 43
Info (12021): Found 1 design units, including 1 entities, in source file main.sv
    Info (12023): Found entity 1: main File: C:/Users/Birdie Woods/Documents/GitHub/ece385-lab6/main.sv Line: 1
Info (12021): Found 1 design units, including 1 entities, in source file hexdriver.sv
    Info (12023): Found entity 1: HexDriver File: C:/Users/Birdie Woods/Documents/GitHub/ece385-lab6/HexDriver.sv Line: 1
Info (12021): Found 1 design units, including 1 entities, in source file control.sv
    Info (12023): Found entity 1: control File: C:/Users/Birdie Woods/Documents/GitHub/ece385-lab6/control.sv Line: 1
Info (12127): Elaborating entity "main" for the top level hierarchy
Warning (10030): Net "PC_In" at main.sv(21) has no driver or initial value, using a default initial value '0' File: C:/Users/Birdie Woods/Documents/GitHub/ece385-lab6/main.sv Line: 21
Warning (10030): Net "PC_Load_En[0]" at main.sv(21) has no driver or initial value, using a default initial value '0' File: C:/Users/Birdie Woods/Documents/GitHub/ece385-lab6/main.sv Line: 21
Warning (10030): Net "IR_In" at main.sv(24) has no driver or initial value, using a default initial value '0' File: C:/Users/Birdie Woods/Documents/GitHub/ece385-lab6/main.sv Line: 24
Warning (10030): Net "IR_Load_En[0]" at main.sv(24) has no driver or initial value, using a default initial value '0' File: C:/Users/Birdie Woods/Documents/GitHub/ece385-lab6/main.sv Line: 24
Warning (10030): Net "MAR_In" at main.sv(27) has no driver or initial value, using a default initial value '0' File: C:/Users/Birdie Woods/Documents/GitHub/ece385-lab6/main.sv Line: 27
Warning (10030): Net "MAR_Load_En[0]" at main.sv(27) has no driver or initial value, using a default initial value '0' File: C:/Users/Birdie Woods/Documents/GitHub/ece385-lab6/main.sv Line: 27
Warning (10030): Net "MDR_In" at main.sv(30) has no driver or initial value, using a default initial value '0' File: C:/Users/Birdie Woods/Documents/GitHub/ece385-lab6/main.sv Line: 30
Warning (10030): Net "MDR_Load_En[0]" at main.sv(30) has no driver or initial value, using a default initial value '0' File: C:/Users/Birdie Woods/Documents/GitHub/ece385-lab6/main.sv Line: 30
Warning (10030): Net "ST_In" at main.sv(33) has no driver or initial value, using a default initial value '0' File: C:/Users/Birdie Woods/Documents/GitHub/ece385-lab6/main.sv Line: 33
Warning (10030): Net "ST_Load_En[0]" at main.sv(33) has no driver or initial value, using a default initial value '0' File: C:/Users/Birdie Woods/Documents/GitHub/ece385-lab6/main.sv Line: 33
Warning (10034): Output port "LED" at main.sv(4) has no driver File: C:/Users/Birdie Woods/Documents/GitHub/ece385-lab6/main.sv Line: 4
Warning (10034): Output port "HEX0" at main.sv(5) has no driver File: C:/Users/Birdie Woods/Documents/GitHub/ece385-lab6/main.sv Line: 5
Warning (10034): Output port "HEX1" at main.sv(5) has no driver File: C:/Users/Birdie Woods/Documents/GitHub/ece385-lab6/main.sv Line: 5
Warning (10034): Output port "HEX2" at main.sv(5) has no driver File: C:/Users/Birdie Woods/Documents/GitHub/ece385-lab6/main.sv Line: 5
Warning (10034): Output port "HEX3" at main.sv(5) has no driver File: C:/Users/Birdie Woods/Documents/GitHub/ece385-lab6/main.sv Line: 5
Warning (10034): Output port "HEX4" at main.sv(5) has no driver File: C:/Users/Birdie Woods/Documents/GitHub/ece385-lab6/main.sv Line: 5
Warning (10034): Output port "HEX5" at main.sv(5) has no driver File: C:/Users/Birdie Woods/Documents/GitHub/ece385-lab6/main.sv Line: 5
Warning (10034): Output port "HEX6" at main.sv(5) has no driver File: C:/Users/Birdie Woods/Documents/GitHub/ece385-lab6/main.sv Line: 5
Warning (10034): Output port "HEX7" at main.sv(5) has no driver File: C:/Users/Birdie Woods/Documents/GitHub/ece385-lab6/main.sv Line: 5
Info (12128): Elaborating entity "reg_16" for hierarchy "reg_16:PC" File: C:/Users/Birdie Woods/Documents/GitHub/ece385-lab6/main.sv Line: 22
Info (12128): Elaborating entity "control" for hierarchy "control:c0" File: C:/Users/Birdie Woods/Documents/GitHub/ece385-lab6/main.sv Line: 36
Warning (10270): Verilog HDL Case Statement warning at control.sv(40): incomplete case statement has no default case item File: C:/Users/Birdie Woods/Documents/GitHub/ece385-lab6/control.sv Line: 40
Info (12128): Elaborating entity "mem" for hierarchy "mem:m0" File: C:/Users/Birdie Woods/Documents/GitHub/ece385-lab6/main.sv Line: 43
Warning (13024): Output pins are stuck at VCC or GND
    Warning (13410): Pin "LED[0]" is stuck at GND File: C:/Users/Birdie Woods/Documents/GitHub/ece385-lab6/main.sv Line: 4
    Warning (13410): Pin "LED[1]" is stuck at GND File: C:/Users/Birdie Woods/Documents/GitHub/ece385-lab6/main.sv Line: 4
    Warning (13410): Pin "LED[2]" is stuck at GND File: C:/Users/Birdie Woods/Documents/GitHub/ece385-lab6/main.sv Line: 4
    Warning (13410): Pin "LED[3]" is stuck at GND File: C:/Users/Birdie Woods/Documents/GitHub/ece385-lab6/main.sv Line: 4
    Warning (13410): Pin "LED[4]" is stuck at GND File: C:/Users/Birdie Woods/Documents/GitHub/ece385-lab6/main.sv Line: 4
    Warning (13410): Pin "LED[5]" is stuck at GND File: C:/Users/Birdie Woods/Documents/GitHub/ece385-lab6/main.sv Line: 4
    Warning (13410): Pin "LED[6]" is stuck at GND File: C:/Users/Birdie Woods/Documents/GitHub/ece385-lab6/main.sv Line: 4
    Warning (13410): Pin "LED[7]" is stuck at GND File: C:/Users/Birdie Woods/Documents/GitHub/ece385-lab6/main.sv Line: 4
    Warning (13410): Pin "LED[8]" is stuck at GND File: C:/Users/Birdie Woods/Documents/GitHub/ece385-lab6/main.sv Line: 4
    Warning (13410): Pin "LED[9]" is stuck at GND File: C:/Users/Birdie Woods/Documents/GitHub/ece385-lab6/main.sv Line: 4
    Warning (13410): Pin "LED[10]" is stuck at GND File: C:/Users/Birdie Woods/Documents/GitHub/ece385-lab6/main.sv Line: 4
    Warning (13410): Pin "LED[11]" is stuck at GND File: C:/Users/Birdie Woods/Documents/GitHub/ece385-lab6/main.sv Line: 4
    Warning (13410): Pin "HEX0[0]" is stuck at GND File: C:/Users/Birdie Woods/Documents/GitHub/ece385-lab6/main.sv Line: 5
    Warning (13410): Pin "HEX0[1]" is stuck at GND File: C:/Users/Birdie Woods/Documents/GitHub/ece385-lab6/main.sv Line: 5
    Warning (13410): Pin "HEX0[2]" is stuck at GND File: C:/Users/Birdie Woods/Documents/GitHub/ece385-lab6/main.sv Line: 5
    Warning (13410): Pin "HEX0[3]" is stuck at GND File: C:/Users/Birdie Woods/Documents/GitHub/ece385-lab6/main.sv Line: 5
    Warning (13410): Pin "HEX0[4]" is stuck at GND File: C:/Users/Birdie Woods/Documents/GitHub/ece385-lab6/main.sv Line: 5
    Warning (13410): Pin "HEX0[5]" is stuck at GND File: C:/Users/Birdie Woods/Documents/GitHub/ece385-lab6/main.sv Line: 5
    Warning (13410): Pin "HEX0[6]" is stuck at GND File: C:/Users/Birdie Woods/Documents/GitHub/ece385-lab6/main.sv Line: 5
    Warning (13410): Pin "HEX1[0]" is stuck at GND File: C:/Users/Birdie Woods/Documents/GitHub/ece385-lab6/main.sv Line: 5
    Warning (13410): Pin "HEX1[1]" is stuck at GND File: C:/Users/Birdie Woods/Documents/GitHub/ece385-lab6/main.sv Line: 5
    Warning (13410): Pin "HEX1[2]" is stuck at GND File: C:/Users/Birdie Woods/Documents/GitHub/ece385-lab6/main.sv Line: 5
    Warning (13410): Pin "HEX1[3]" is stuck at GND File: C:/Users/Birdie Woods/Documents/GitHub/ece385-lab6/main.sv Line: 5
    Warning (13410): Pin "HEX1[4]" is stuck at GND File: C:/Users/Birdie Woods/Documents/GitHub/ece385-lab6/main.sv Line: 5
    Warning (13410): Pin "HEX1[5]" is stuck at GND File: C:/Users/Birdie Woods/Documents/GitHub/ece385-lab6/main.sv Line: 5
    Warning (13410): Pin "HEX1[6]" is stuck at GND File: C:/Users/Birdie Woods/Documents/GitHub/ece385-lab6/main.sv Line: 5
    Warning (13410): Pin "HEX2[0]" is stuck at GND File: C:/Users/Birdie Woods/Documents/GitHub/ece385-lab6/main.sv Line: 5
    Warning (13410): Pin "HEX2[1]" is stuck at GND File: C:/Users/Birdie Woods/Documents/GitHub/ece385-lab6/main.sv Line: 5
    Warning (13410): Pin "HEX2[2]" is stuck at GND File: C:/Users/Birdie Woods/Documents/GitHub/ece385-lab6/main.sv Line: 5
    Warning (13410): Pin "HEX2[3]" is stuck at GND File: C:/Users/Birdie Woods/Documents/GitHub/ece385-lab6/main.sv Line: 5
    Warning (13410): Pin "HEX2[4]" is stuck at GND File: C:/Users/Birdie Woods/Documents/GitHub/ece385-lab6/main.sv Line: 5
    Warning (13410): Pin "HEX2[5]" is stuck at GND File: C:/Users/Birdie Woods/Documents/GitHub/ece385-lab6/main.sv Line: 5
    Warning (13410): Pin "HEX2[6]" is stuck at GND File: C:/Users/Birdie Woods/Documents/GitHub/ece385-lab6/main.sv Line: 5
    Warning (13410): Pin "HEX3[0]" is stuck at GND File: C:/Users/Birdie Woods/Documents/GitHub/ece385-lab6/main.sv Line: 5
    Warning (13410): Pin "HEX3[1]" is stuck at GND File: C:/Users/Birdie Woods/Documents/GitHub/ece385-lab6/main.sv Line: 5
    Warning (13410): Pin "HEX3[2]" is stuck at GND File: C:/Users/Birdie Woods/Documents/GitHub/ece385-lab6/main.sv Line: 5
    Warning (13410): Pin "HEX3[3]" is stuck at GND File: C:/Users/Birdie Woods/Documents/GitHub/ece385-lab6/main.sv Line: 5
    Warning (13410): Pin "HEX3[4]" is stuck at GND File: C:/Users/Birdie Woods/Documents/GitHub/ece385-lab6/main.sv Line: 5
    Warning (13410): Pin "HEX3[5]" is stuck at GND File: C:/Users/Birdie Woods/Documents/GitHub/ece385-lab6/main.sv Line: 5
    Warning (13410): Pin "HEX3[6]" is stuck at GND File: C:/Users/Birdie Woods/Documents/GitHub/ece385-lab6/main.sv Line: 5
    Warning (13410): Pin "HEX4[0]" is stuck at GND File: C:/Users/Birdie Woods/Documents/GitHub/ece385-lab6/main.sv Line: 5
    Warning (13410): Pin "HEX4[1]" is stuck at GND File: C:/Users/Birdie Woods/Documents/GitHub/ece385-lab6/main.sv Line: 5
    Warning (13410): Pin "HEX4[2]" is stuck at GND File: C:/Users/Birdie Woods/Documents/GitHub/ece385-lab6/main.sv Line: 5
    Warning (13410): Pin "HEX4[3]" is stuck at GND File: C:/Users/Birdie Woods/Documents/GitHub/ece385-lab6/main.sv Line: 5
    Warning (13410): Pin "HEX4[4]" is stuck at GND File: C:/Users/Birdie Woods/Documents/GitHub/ece385-lab6/main.sv Line: 5
    Warning (13410): Pin "HEX4[5]" is stuck at GND File: C:/Users/Birdie Woods/Documents/GitHub/ece385-lab6/main.sv Line: 5
    Warning (13410): Pin "HEX4[6]" is stuck at GND File: C:/Users/Birdie Woods/Documents/GitHub/ece385-lab6/main.sv Line: 5
    Warning (13410): Pin "HEX5[0]" is stuck at GND File: C:/Users/Birdie Woods/Documents/GitHub/ece385-lab6/main.sv Line: 5
    Warning (13410): Pin "HEX5[1]" is stuck at GND File: C:/Users/Birdie Woods/Documents/GitHub/ece385-lab6/main.sv Line: 5
    Warning (13410): Pin "HEX5[2]" is stuck at GND File: C:/Users/Birdie Woods/Documents/GitHub/ece385-lab6/main.sv Line: 5
    Warning (13410): Pin "HEX5[3]" is stuck at GND File: C:/Users/Birdie Woods/Documents/GitHub/ece385-lab6/main.sv Line: 5
    Warning (13410): Pin "HEX5[4]" is stuck at GND File: C:/Users/Birdie Woods/Documents/GitHub/ece385-lab6/main.sv Line: 5
    Warning (13410): Pin "HEX5[5]" is stuck at GND File: C:/Users/Birdie Woods/Documents/GitHub/ece385-lab6/main.sv Line: 5
    Warning (13410): Pin "HEX5[6]" is stuck at GND File: C:/Users/Birdie Woods/Documents/GitHub/ece385-lab6/main.sv Line: 5
    Warning (13410): Pin "HEX6[0]" is stuck at GND File: C:/Users/Birdie Woods/Documents/GitHub/ece385-lab6/main.sv Line: 5
    Warning (13410): Pin "HEX6[1]" is stuck at GND File: C:/Users/Birdie Woods/Documents/GitHub/ece385-lab6/main.sv Line: 5
    Warning (13410): Pin "HEX6[2]" is stuck at GND File: C:/Users/Birdie Woods/Documents/GitHub/ece385-lab6/main.sv Line: 5
    Warning (13410): Pin "HEX6[3]" is stuck at GND File: C:/Users/Birdie Woods/Documents/GitHub/ece385-lab6/main.sv Line: 5
    Warning (13410): Pin "HEX6[4]" is stuck at GND File: C:/Users/Birdie Woods/Documents/GitHub/ece385-lab6/main.sv Line: 5
    Warning (13410): Pin "HEX6[5]" is stuck at GND File: C:/Users/Birdie Woods/Documents/GitHub/ece385-lab6/main.sv Line: 5
    Warning (13410): Pin "HEX6[6]" is stuck at GND File: C:/Users/Birdie Woods/Documents/GitHub/ece385-lab6/main.sv Line: 5
    Warning (13410): Pin "HEX7[0]" is stuck at GND File: C:/Users/Birdie Woods/Documents/GitHub/ece385-lab6/main.sv Line: 5
    Warning (13410): Pin "HEX7[1]" is stuck at GND File: C:/Users/Birdie Woods/Documents/GitHub/ece385-lab6/main.sv Line: 5
    Warning (13410): Pin "HEX7[2]" is stuck at GND File: C:/Users/Birdie Woods/Documents/GitHub/ece385-lab6/main.sv Line: 5
    Warning (13410): Pin "HEX7[3]" is stuck at GND File: C:/Users/Birdie Woods/Documents/GitHub/ece385-lab6/main.sv Line: 5
    Warning (13410): Pin "HEX7[4]" is stuck at GND File: C:/Users/Birdie Woods/Documents/GitHub/ece385-lab6/main.sv Line: 5
    Warning (13410): Pin "HEX7[5]" is stuck at GND File: C:/Users/Birdie Woods/Documents/GitHub/ece385-lab6/main.sv Line: 5
    Warning (13410): Pin "HEX7[6]" is stuck at GND File: C:/Users/Birdie Woods/Documents/GitHub/ece385-lab6/main.sv Line: 5
    Warning (13410): Pin "WE" is stuck at VCC File: C:/Users/Birdie Woods/Documents/GitHub/ece385-lab6/main.sv Line: 6
    Warning (13410): Pin "ADDR[0]" is stuck at GND File: C:/Users/Birdie Woods/Documents/GitHub/ece385-lab6/main.sv Line: 9
    Warning (13410): Pin "ADDR[1]" is stuck at GND File: C:/Users/Birdie Woods/Documents/GitHub/ece385-lab6/main.sv Line: 9
    Warning (13410): Pin "ADDR[2]" is stuck at GND File: C:/Users/Birdie Woods/Documents/GitHub/ece385-lab6/main.sv Line: 9
    Warning (13410): Pin "ADDR[3]" is stuck at GND File: C:/Users/Birdie Woods/Documents/GitHub/ece385-lab6/main.sv Line: 9
    Warning (13410): Pin "ADDR[4]" is stuck at GND File: C:/Users/Birdie Woods/Documents/GitHub/ece385-lab6/main.sv Line: 9
    Warning (13410): Pin "ADDR[5]" is stuck at GND File: C:/Users/Birdie Woods/Documents/GitHub/ece385-lab6/main.sv Line: 9
    Warning (13410): Pin "ADDR[6]" is stuck at GND File: C:/Users/Birdie Woods/Documents/GitHub/ece385-lab6/main.sv Line: 9
    Warning (13410): Pin "ADDR[7]" is stuck at GND File: C:/Users/Birdie Woods/Documents/GitHub/ece385-lab6/main.sv Line: 9
    Warning (13410): Pin "ADDR[8]" is stuck at GND File: C:/Users/Birdie Woods/Documents/GitHub/ece385-lab6/main.sv Line: 9
    Warning (13410): Pin "ADDR[9]" is stuck at GND File: C:/Users/Birdie Woods/Documents/GitHub/ece385-lab6/main.sv Line: 9
    Warning (13410): Pin "ADDR[10]" is stuck at GND File: C:/Users/Birdie Woods/Documents/GitHub/ece385-lab6/main.sv Line: 9
    Warning (13410): Pin "ADDR[11]" is stuck at GND File: C:/Users/Birdie Woods/Documents/GitHub/ece385-lab6/main.sv Line: 9
    Warning (13410): Pin "ADDR[12]" is stuck at GND File: C:/Users/Birdie Woods/Documents/GitHub/ece385-lab6/main.sv Line: 9
    Warning (13410): Pin "ADDR[13]" is stuck at GND File: C:/Users/Birdie Woods/Documents/GitHub/ece385-lab6/main.sv Line: 9
    Warning (13410): Pin "ADDR[14]" is stuck at GND File: C:/Users/Birdie Woods/Documents/GitHub/ece385-lab6/main.sv Line: 9
    Warning (13410): Pin "ADDR[15]" is stuck at GND File: C:/Users/Birdie Woods/Documents/GitHub/ece385-lab6/main.sv Line: 9
    Warning (13410): Pin "ADDR[16]" is stuck at GND File: C:/Users/Birdie Woods/Documents/GitHub/ece385-lab6/main.sv Line: 9
    Warning (13410): Pin "ADDR[17]" is stuck at GND File: C:/Users/Birdie Woods/Documents/GitHub/ece385-lab6/main.sv Line: 9
    Warning (13410): Pin "ADDR[18]" is stuck at GND File: C:/Users/Birdie Woods/Documents/GitHub/ece385-lab6/main.sv Line: 9
    Warning (13410): Pin "ADDR[19]" is stuck at GND File: C:/Users/Birdie Woods/Documents/GitHub/ece385-lab6/main.sv Line: 9
Info (286030): Timing-Driven Synthesis is running
Info (17049): 3 registers lost all their fanouts during netlist optimizations.
Info (16010): Generating hard_block partition "hard_block:auto_generated_inst"
    Info (16011): Adding 0 node(s), including 0 DDIO, 0 PLL, 0 transceiver and 0 LCELL
Warning (21074): Design contains 17 input pin(s) that do not drive logic
    Warning (15610): No output dependent on input pin "Continue" File: C:/Users/Birdie Woods/Documents/GitHub/ece385-lab6/main.sv Line: 2
    Warning (15610): No output dependent on input pin "S[0]" File: C:/Users/Birdie Woods/Documents/GitHub/ece385-lab6/main.sv Line: 3
    Warning (15610): No output dependent on input pin "S[1]" File: C:/Users/Birdie Woods/Documents/GitHub/ece385-lab6/main.sv Line: 3
    Warning (15610): No output dependent on input pin "S[2]" File: C:/Users/Birdie Woods/Documents/GitHub/ece385-lab6/main.sv Line: 3
    Warning (15610): No output dependent on input pin "S[3]" File: C:/Users/Birdie Woods/Documents/GitHub/ece385-lab6/main.sv Line: 3
    Warning (15610): No output dependent on input pin "S[4]" File: C:/Users/Birdie Woods/Documents/GitHub/ece385-lab6/main.sv Line: 3
    Warning (15610): No output dependent on input pin "S[5]" File: C:/Users/Birdie Woods/Documents/GitHub/ece385-lab6/main.sv Line: 3
    Warning (15610): No output dependent on input pin "S[6]" File: C:/Users/Birdie Woods/Documents/GitHub/ece385-lab6/main.sv Line: 3
    Warning (15610): No output dependent on input pin "S[7]" File: C:/Users/Birdie Woods/Documents/GitHub/ece385-lab6/main.sv Line: 3
    Warning (15610): No output dependent on input pin "S[8]" File: C:/Users/Birdie Woods/Documents/GitHub/ece385-lab6/main.sv Line: 3
    Warning (15610): No output dependent on input pin "S[9]" File: C:/Users/Birdie Woods/Documents/GitHub/ece385-lab6/main.sv Line: 3
    Warning (15610): No output dependent on input pin "S[10]" File: C:/Users/Birdie Woods/Documents/GitHub/ece385-lab6/main.sv Line: 3
    Warning (15610): No output dependent on input pin "S[11]" File: C:/Users/Birdie Woods/Documents/GitHub/ece385-lab6/main.sv Line: 3
    Warning (15610): No output dependent on input pin "S[12]" File: C:/Users/Birdie Woods/Documents/GitHub/ece385-lab6/main.sv Line: 3
    Warning (15610): No output dependent on input pin "S[13]" File: C:/Users/Birdie Woods/Documents/GitHub/ece385-lab6/main.sv Line: 3
    Warning (15610): No output dependent on input pin "S[14]" File: C:/Users/Birdie Woods/Documents/GitHub/ece385-lab6/main.sv Line: 3
    Warning (15610): No output dependent on input pin "S[15]" File: C:/Users/Birdie Woods/Documents/GitHub/ece385-lab6/main.sv Line: 3
Info (21057): Implemented 116 device resources after synthesis - the final resource count might be different
    Info (21058): Implemented 20 input pins
    Info (21059): Implemented 93 output pins
    Info (21061): Implemented 3 logic cells
Info: Quartus Prime Analysis & Synthesis was successful. 0 errors, 130 warnings
    Info: Peak virtual memory: 4793 megabytes
    Info: Processing ended: Wed Oct 03 02:48:05 2018
    Info: Elapsed time: 00:00:16
    Info: Total CPU time (on all processors): 00:00:29


